#
# There is insufficient memory for the Java Runtime Environment to continue.
# Native memory allocation (malloc) failed to allocate 1029296 bytes for Chunk::new
# Possible reasons:
#   The system is out of physical RAM or swap space
#   In 32 bit mode, the process size limit was hit
# Possible solutions:
#   Reduce memory load on the system
#   Increase physical memory or swap space
#   Check if swap backing store is full
#   Use 64 bit Java on a 64 bit OS
#   Decrease Java heap size (-Xmx/-Xms)
#   Decrease number of Java threads
#   Decrease Java thread stack sizes (-Xss)
#   Set larger code cache with -XX:ReservedCodeCacheSize=
# This output file may be truncated or incomplete.
#
#  Out of Memory Error (allocation.cpp:390), pid=14548, tid=0x00000000000038bc
#
# JRE version: OpenJDK Runtime Environment (8.0_152-b02) (build 1.8.0_152-release-1024-b02)
# Java VM: OpenJDK 64-Bit Server VM (25.152-b02 mixed mode windows-amd64 compressed oops)
# Failed to write core dump. Minidumps are not enabled by default on client versions of Windows
#

---------------  T H R E A D  ---------------

Current thread (0x000000001654c800):  JavaThread "C2 CompilerThread0" daemon [_thread_in_native, id=14524, stack(0x0000000017bd0000,0x0000000017cd0000)]

Stack: [0x0000000017bd0000,0x0000000017cd0000]
[error occurred during error reporting (printing stack bounds), id 0xc0000005]

Native frames: (J=compiled Java code, j=interpreted, Vv=VM code, C=native code)


Current CompileTask:
C2:  11574 3731   !   4       java.util.jar.Attributes::read (380 bytes)


---------------  P R O C E S S  ---------------

Java Threads: ( => current thread )
  0x000000001d132800 JavaThread "Memory manager" [_thread_blocked, id=12048, stack(0x0000000021bd0000,0x0000000021cd0000)]
  0x000000001d132000 JavaThread "pool-1-thread-1" [_thread_blocked, id=12140, stack(0x00000000218d0000,0x00000000219d0000)]
  0x000000001cfa9800 JavaThread "build operations Thread 4" [_thread_blocked, id=14120, stack(0x00000000213d0000,0x00000000214d0000)]
  0x000000001cfa8000 JavaThread "build operations Thread 3" [_thread_blocked, id=13924, stack(0x00000000212d0000,0x00000000213d0000)]
  0x000000001cfa7000 JavaThread "build operations Thread 2" [_thread_blocked, id=1408, stack(0x00000000211d0000,0x00000000212d0000)]
  0x000000001cfa5800 JavaThread "build operations" [_thread_blocked, id=12356, stack(0x00000000210d0000,0x00000000211d0000)]
  0x000000001cfa4000 JavaThread "Cache worker for Artifact transforms cache (C:\Users\jean2\.gradle\caches\transforms-1)" [_thread_blocked, id=10528, stack(0x000000001f850000,0x000000001f950000)]
  0x0000000019c97800 JavaThread "Cache worker for file hash cache (C:\android_studio_jprinter\creta\.gradle\4.4\fileHashes)" [_thread_blocked, id=13700, stack(0x000000001c110000,0x000000001c210000)]
  0x00000000198d9000 JavaThread "File lock request listener" [_thread_in_native, id=11232, stack(0x000000001b040000,0x000000001b140000)]
  0x00000000196bb000 JavaThread "Cache worker for file hash cache (C:\Users\jean2\.gradle\caches\4.4\fileHashes)" [_thread_blocked, id=6888, stack(0x000000001af40000,0x000000001b040000)]
  0x00000000195c7800 JavaThread "Stdin handler" [_thread_blocked, id=12716, stack(0x000000001ac40000,0x000000001ad40000)]
  0x0000000019461800 JavaThread "Asynchronous log dispatcher for DefaultDaemonConnection: socket connection from /127.0.0.1:5918 to /127.0.0.1:5919" [_thread_blocked, id=9912, stack(0x000000001ab40000,0x000000001ac40000)]
  0x000000001945f800 JavaThread "Daemon worker" [_thread_blocked, id=216, stack(0x000000001aa40000,0x000000001ab40000)]
  0x000000001945e800 JavaThread "Cancel handler" [_thread_blocked, id=8028, stack(0x000000001a940000,0x000000001aa40000)]
  0x000000001943a000 JavaThread "Handler for socket connection from /127.0.0.1:5918 to /127.0.0.1:5919" [_thread_in_native, id=7240, stack(0x000000001a640000,0x000000001a740000)]
  0x0000000019439800 JavaThread "Daemon" [_thread_blocked, id=15212, stack(0x000000001a540000,0x000000001a640000)]
  0x0000000019140000 JavaThread "Daemon periodic checks" [_thread_blocked, id=13804, stack(0x000000001a440000,0x000000001a540000)]
  0x0000000019139000 JavaThread "Incoming local TCP Connector on port 5918" [_thread_in_native, id=14416, stack(0x000000001a1e0000,0x000000001a2e0000)]
  0x0000000017ef8800 JavaThread "Service Thread" daemon [_thread_blocked, id=13368, stack(0x00000000182d0000,0x00000000183d0000)]
  0x000000001655d000 JavaThread "C1 CompilerThread2" daemon [_thread_blocked, id=14220, stack(0x0000000017dd0000,0x0000000017ed0000)]
  0x000000001654f800 JavaThread "C2 CompilerThread1" daemon [_thread_blocked, id=9968, stack(0x0000000017cd0000,0x0000000017dd0000)]
=>0x000000001654c800 JavaThread "C2 CompilerThread0" daemon [_thread_in_native, id=14524, stack(0x0000000017bd0000,0x0000000017cd0000)]
  0x0000000016558800 JavaThread "Attach Listener" daemon [_thread_blocked, id=13592, stack(0x0000000017ad0000,0x0000000017bd0000)]
  0x0000000016557000 JavaThread "Signal Dispatcher" daemon [_thread_blocked, id=11088, stack(0x00000000179d0000,0x0000000017ad0000)]
  0x0000000016538000 JavaThread "Finalizer" daemon [_thread_blocked, id=11676, stack(0x00000000177b0000,0x00000000178b0000)]
  0x0000000002bd3800 JavaThread "Reference Handler" daemon [_thread_blocked, id=10540, stack(0x00000000176b0000,0x00000000177b0000)]
  0x0000000002ae2800 JavaThread "main" [_thread_blocked, id=8620, stack(0x00000000029e0000,0x0000000002ae0000)]

Other Threads:
  0x0000000016515000 VMThread [stack: 0x00000000175b0000,0x00000000176b0000] [id=12380]
  0x0000000017f01000 WatcherThread [stack: 0x00000000183d0000,0x00000000184d0000] [id=10360]

VM state:at safepoint (normal execution)

VM Mutex/Monitor currently owned by a thread:  ([mutex/lock_event])
[0x000000000292d220] Threads_lock - owner thread: 0x0000000016515000
[0x000000000292d8a0] Heap_lock - owner thread: 0x000000001945f800

Heap:
 PSYoungGen      total 125952K, used 6508K [0x00000000e0000000, 0x00000000e8a80000, 0x0000000100000000)
  eden space 119296K, 0% used [0x00000000e0000000,0x00000000e0000000,0x00000000e7480000)
  from space 6656K, 97% used [0x00000000e8400000,0x00000000e8a5b338,0x00000000e8a80000)
  to   space 9216K, 0% used [0x00000000e7880000,0x00000000e7880000,0x00000000e8180000)
 ParOldGen       total 32256K, used 16166K [0x00000000a0000000, 0x00000000a1f80000, 0x00000000e0000000)
  object space 32256K, 50% used [0x00000000a0000000,0x00000000a0fc9988,0x00000000a1f80000)
 Metaspace       used 38131K, capacity 38770K, committed 39000K, reserved 1087488K
  class space    used 5185K, capacity 5385K, committed 5504K, reserved 1048576K

Card table byte_map: [0x0000000011fa0000,0x00000000122b0000] byte_map_base: 0x0000000011aa0000

Marking Bits: (ParMarkBitMap*) 0x0000000071f74970
 Begin Bits: [0x00000000128b0000, 0x00000000140b0000)
 End Bits:   [0x00000000140b0000, 0x00000000158b0000)

Polling page: 0x0000000000f90000

CodeCache: size=245760Kb used=11860Kb max_used=11860Kb free=233899Kb
 bounds [0x0000000002be0000, 0x0000000003780000, 0x0000000011be0000]
 total_blobs=4139 nmethods=3430 adapters=621
 compilation: enabled

Compilation events (10 events):
Event: 11.479 Thread 0x000000001655d000 3758       2       java.lang.AbstractStringBuilder::append (50 bytes)
Event: 11.480 Thread 0x000000001655d000 nmethod 3758 0x000000000377b2d0 code [0x000000000377b480, 0x000000000377b868]
Event: 11.490 Thread 0x000000001655d000 3760       2       java.security.CodeSource::matchCerts (254 bytes)
Event: 11.491 Thread 0x000000001655d000 nmethod 3760 0x000000000377ba50 code [0x000000000377bc20, 0x000000000377c1d8]
Event: 11.496 Thread 0x000000001655d000 3761       2       org.objectweb.asm.FieldVisitor::<init> (35 bytes)
Event: 11.497 Thread 0x000000001655d000 nmethod 3761 0x000000000377c710 code [0x000000000377c880, 0x000000000377caa8]
Event: 11.518 Thread 0x000000001655d000 3762       2       org.gradle.api.internal.AsmBackedClassGenerator$ClassBuilderImpl::addGetter (50 bytes)
Event: 11.518 Thread 0x000000001655d000 nmethod 3762 0x000000000377cb90 code [0x000000000377cd20, 0x000000000377cfd8]
Event: 11.544 Thread 0x000000001655d000 3763       2       java.util.TreeMap::<init> (20 bytes)
Event: 11.545 Thread 0x000000001655d000 nmethod 3763 0x000000000377d190 code [0x000000000377d2e0, 0x000000000377d450]

GC Heap History (10 events):
Event: 5.397 GC heap after
Heap after GC invocations=9 (full 1):
 PSYoungGen      total 71680K, used 0K [0x00000000e0000000, 0x00000000e4d00000, 0x0000000100000000)
  eden space 64512K, 0% used [0x00000000e0000000,0x00000000e0000000,0x00000000e3f00000)
  from space 7168K, 0% used [0x00000000e4600000,0x00000000e4600000,0x00000000e4d00000)
  to   space 7168K, 0% used [0x00000000e3f00000,0x00000000e3f00000,0x00000000e4600000)
 ParOldGen       total 32256K, used 7840K [0x00000000a0000000, 0x00000000a1f80000, 0x00000000e0000000)
  object space 32256K, 24% used [0x00000000a0000000,0x00000000a07a8360,0x00000000a1f80000)
 Metaspace       used 20685K, capacity 21074K, committed 21248K, reserved 1067008K
  class space    used 2876K, capacity 2989K, committed 3072K, reserved 1048576K
}
Event: 7.345 GC heap before
{Heap before GC invocations=10 (full 1):
 PSYoungGen      total 71680K, used 64512K [0x00000000e0000000, 0x00000000e4d00000, 0x0000000100000000)
  eden space 64512K, 100% used [0x00000000e0000000,0x00000000e3f00000,0x00000000e3f00000)
  from space 7168K, 0% used [0x00000000e4600000,0x00000000e4600000,0x00000000e4d00000)
  to   space 7168K, 0% used [0x00000000e3f00000,0x00000000e3f00000,0x00000000e4600000)
 ParOldGen       total 32256K, used 7840K [0x00000000a0000000, 0x00000000a1f80000, 0x00000000e0000000)
  object space 32256K, 24% used [0x00000000a0000000,0x00000000a07a8360,0x00000000a1f80000)
 Metaspace       used 26346K, capacity 26706K, committed 27136K, reserved 1073152K
  class space    used 3623K, capacity 3748K, committed 3840K, reserved 1048576K
Event: 7.373 GC heap after
Heap after GC invocations=10 (full 1):
 PSYoungGen      total 71680K, used 6936K [0x00000000e0000000, 0x00000000e6700000, 0x0000000100000000)
  eden space 64512K, 0% used [0x00000000e0000000,0x00000000e0000000,0x00000000e3f00000)
  from space 7168K, 96% used [0x00000000e3f00000,0x00000000e45c6070,0x00000000e4600000)
  to   space 7680K, 0% used [0x00000000e5f80000,0x00000000e5f80000,0x00000000e6700000)
 ParOldGen       total 32256K, used 7848K [0x00000000a0000000, 0x00000000a1f80000, 0x00000000e0000000)
  object space 32256K, 24% used [0x00000000a0000000,0x00000000a07aa360,0x00000000a1f80000)
 Metaspace       used 26346K, capacity 26706K, committed 27136K, reserved 1073152K
  class space    used 3623K, capacity 3748K, committed 3840K, reserved 1048576K
}
Event: 9.445 GC heap before
{Heap before GC invocations=11 (full 1):
 PSYoungGen      total 71680K, used 71448K [0x00000000e0000000, 0x00000000e6700000, 0x0000000100000000)
  eden space 64512K, 100% used [0x00000000e0000000,0x00000000e3f00000,0x00000000e3f00000)
  from space 7168K, 96% used [0x00000000e3f00000,0x00000000e45c6070,0x00000000e4600000)
  to   space 7680K, 0% used [0x00000000e5f80000,0x00000000e5f80000,0x00000000e6700000)
 ParOldGen       total 32256K, used 7848K [0x00000000a0000000, 0x00000000a1f80000, 0x00000000e0000000)
  object space 32256K, 24% used [0x00000000a0000000,0x00000000a07aa360,0x00000000a1f80000)
 Metaspace       used 29851K, capacity 30312K, committed 30464K, reserved 1075200K
  class space    used 4168K, capacity 4309K, committed 4352K, reserved 1048576K
Event: 9.493 GC heap after
Heap after GC invocations=11 (full 1):
 PSYoungGen      total 96256K, used 7665K [0x00000000e0000000, 0x00000000e6a00000, 0x0000000100000000)
  eden space 88576K, 0% used [0x00000000e0000000,0x00000000e0000000,0x00000000e5680000)
  from space 7680K, 99% used [0x00000000e5f80000,0x00000000e66fc710,0x00000000e6700000)
  to   space 9216K, 0% used [0x00000000e5680000,0x00000000e5680000,0x00000000e5f80000)
 ParOldGen       total 32256K, used 9196K [0x00000000a0000000, 0x00000000a1f80000, 0x00000000e0000000)
  object space 32256K, 28% used [0x00000000a0000000,0x00000000a08fb1b8,0x00000000a1f80000)
 Metaspace       used 29851K, capacity 30312K, committed 30464K, reserved 1075200K
  class space    used 4168K, capacity 4309K, committed 4352K, reserved 1048576K
}
Event: 10.222 GC heap before
{Heap before GC invocations=12 (full 1):
 PSYoungGen      total 96256K, used 31666K [0x00000000e0000000, 0x00000000e6a00000, 0x0000000100000000)
  eden space 88576K, 27% used [0x00000000e0000000,0x00000000e17704e8,0x00000000e5680000)
  from space 7680K, 99% used [0x00000000e5f80000,0x00000000e66fc710,0x00000000e6700000)
  to   space 9216K, 0% used [0x00000000e5680000,0x00000000e5680000,0x00000000e5f80000)
 ParOldGen       total 32256K, used 9196K [0x00000000a0000000, 0x00000000a1f80000, 0x00000000e0000000)
  object space 32256K, 28% used [0x00000000a0000000,0x00000000a08fb1b8,0x00000000a1f80000)
 Metaspace       used 34739K, capacity 35294K, committed 35416K, reserved 1079296K
  class space    used 4760K, capacity 4955K, committed 4992K, reserved 1048576K
Event: 10.253 GC heap after
Heap after GC invocations=12 (full 1):
 PSYoungGen      total 97792K, used 3805K [0x00000000e0000000, 0x00000000e8d00000, 0x0000000100000000)
  eden space 88576K, 0% used [0x00000000e0000000,0x00000000e0000000,0x00000000e5680000)
  from space 9216K, 41% used [0x00000000e5680000,0x00000000e5a37760,0x00000000e5f80000)
  to   space 9216K, 0% used [0x00000000e8400000,0x00000000e8400000,0x00000000e8d00000)
 ParOldGen       total 32256K, used 14937K [0x00000000a0000000, 0x00000000a1f80000, 0x00000000e0000000)
  object space 32256K, 46% used [0x00000000a0000000,0x00000000a0e96428,0x00000000a1f80000)
 Metaspace       used 34739K, capacity 35294K, committed 35416K, reserved 1079296K
  class space    used 4760K, capacity 4955K, committed 4992K, reserved 1048576K
}
Event: 10.253 GC heap before
{Heap before GC invocations=13 (full 2):
 PSYoungGen      total 97792K, used 3805K [0x00000000e0000000, 0x00000000e8d00000, 0x0000000100000000)
  eden space 88576K, 0% used [0x00000000e0000000,0x00000000e0000000,0x00000000e5680000)
  from space 9216K, 41% used [0x00000000e5680000,0x00000000e5a37760,0x00000000e5f80000)
  to   space 9216K, 0% used [0x00000000e8400000,0x00000000e8400000,0x00000000e8d00000)
 ParOldGen       total 32256K, used 14937K [0x00000000a0000000, 0x00000000a1f80000, 0x00000000e0000000)
  object space 32256K, 46% used [0x00000000a0000000,0x00000000a0e96428,0x00000000a1f80000)
 Metaspace       used 34739K, capacity 35294K, committed 35416K, reserved 1079296K
  class space    used 4760K, capacity 4955K, committed 4992K, reserved 1048576K
Event: 10.363 GC heap after
Heap after GC invocations=13 (full 2):
 PSYoungGen      total 97792K, used 0K [0x00000000e0000000, 0x00000000e8d00000, 0x0000000100000000)
  eden space 88576K, 0% used [0x00000000e0000000,0x00000000e0000000,0x00000000e5680000)
  from space 9216K, 0% used [0x00000000e5680000,0x00000000e5680000,0x00000000e5f80000)
  to   space 9216K, 0% used [0x00000000e8400000,0x00000000e8400000,0x00000000e8d00000)
 ParOldGen       total 32256K, used 16158K [0x00000000a0000000, 0x00000000a1f80000, 0x00000000e0000000)
  object space 32256K, 50% used [0x00000000a0000000,0x00000000a0fc7988,0x00000000a1f80000)
 Metaspace       used 34739K, capacity 35294K, committed 35416K, reserved 1079296K
  class space    used 4760K, capacity 4955K, committed 4992K, reserved 1048576K
}
Event: 11.548 GC heap before
{Heap before GC invocations=14 (full 2):
 PSYoungGen      total 97792K, used 70175K [0x00000000e0000000, 0x00000000e8d00000, 0x0000000100000000)
  eden space 88576K, 79% used [0x00000000e0000000,0x00000000e4487c58,0x00000000e5680000)
  from space 9216K, 0% used [0x00000000e5680000,0x00000000e5680000,0x00000000e5f80000)
  to   space 9216K, 0% used [0x00000000e8400000,0x00000000e8400000,0x00000000e8d00000)
 ParOldGen       total 32256K, used 16158K [0x00000000a0000000, 0x00000000a1f80000, 0x00000000e0000000)
  object space 32256K, 50% used [0x00000000a0000000,0x00000000a0fc7988,0x00000000a1f80000)
 Metaspace       used 38131K, capacity 38770K, committed 39000K, reserved 1087488K
  class space    used 5185K, capacity 5385K, committed 5504K, reserved 1048576K

Deoptimization events (10 events):
Event: 10.715 Thread 0x000000001945f800 Uncommon trap: reason=unstable_if action=reinterpret pc=0x0000000002cecbdc method=java.util.HashMap.putVal(ILjava/lang/Object;Ljava/lang/Object;ZZ)Ljava/lang/Object; @ 162
Event: 10.715 Thread 0x000000001945f800 Uncommon trap: reason=unstable_if action=reinterpret pc=0x000000000302947c method=java.util.HashMap.resize()[Ljava/util/HashMap$Node; @ 206
Event: 10.864 Thread 0x000000001945f800 Uncommon trap: reason=unstable_if action=reinterpret pc=0x000000000366dd18 method=java.lang.reflect.Modifier.toString(I)Ljava/lang/String; @ 123
Event: 10.864 Thread 0x000000001945f800 Uncommon trap: reason=unstable_if action=reinterpret pc=0x0000000003666cec method=java.lang.reflect.Modifier.toString(I)Ljava/lang/String; @ 123
Event: 11.172 Thread 0x000000001945f800 Uncommon trap: reason=unstable_if action=reinterpret pc=0x0000000003536a4c method=java.util.jar.Attributes$Name.isDigit(C)Z @ 3
Event: 11.217 Thread 0x000000001945f800 Uncommon trap: reason=unstable_if action=reinterpret pc=0x00000000030343bc method=java.lang.CharacterDataLatin1.isWhitespace(I)Z @ 14
Event: 11.288 Thread 0x000000001945f800 Uncommon trap: reason=unstable_if action=reinterpret pc=0x000000000319d464 method=java.util.jar.JarFile.getInputStream(Ljava/util/zip/ZipEntry;)Ljava/io/InputStream; @ 37
Event: 11.295 Thread 0x000000001945f800 Uncommon trap: reason=unstable_if action=reinterpret pc=0x00000000034697ac method=java.security.CodeSource.getCertificates()[Ljava/security/cert/Certificate; @ 22
Event: 11.296 Thread 0x000000001945f800 Uncommon trap: reason=unstable_if action=reinterpret pc=0x00000000035ddbd4 method=java.security.CodeSource.matchCerts(Ljava/security/CodeSource;Z)Z @ 11
Event: 11.345 Thread 0x000000001945f800 Uncommon trap: reason=unstable_if action=reinterpret pc=0x000000000318eabc method=java.util.LinkedHashMap.get(Ljava/lang/Object;)Ljava/lang/Object; @ 20

Classes redefined (0 events):
No events

Internal exceptions (10 events):
Event: 9.325 Thread 0x000000001945f800 Exception <a 'java/lang/ClassNotFoundException': org/gradle/api/DefaultTaskCustomizer> (0x00000000e3b7bd68) thrown at [D:\src\AOSP-openjdk-cygwin\jdk8u\hotspot\src\share\vm\classfile\systemDictionary.cpp, line 210]
Event: 9.328 Thread 0x000000001945f800 Exception <a 'java/lang/ClassNotFoundException': org/gradle/api/internal/ConventionTaskCustomizer> (0x00000000e3bb5580) thrown at [D:\src\AOSP-openjdk-cygwin\jdk8u\hotspot\src\share\vm\classfile\systemDictionary.cpp, line 210]
Event: 9.336 Thread 0x000000001945f800 Exception <a 'java/lang/ClassNotFoundException': org/gradle/api/tasks/DeleteCustomizer> (0x00000000e3becc88) thrown at [D:\src\AOSP-openjdk-cygwin\jdk8u\hotspot\src\share\vm\classfile\systemDictionary.cpp, line 210]
Event: 9.339 Thread 0x000000001945f800 Exception <a 'java/lang/ClassNotFoundException': org/gradle/api/tasks/Delete_DecoratedCustomizer> (0x00000000e3c317f8) thrown at [D:\src\AOSP-openjdk-cygwin\jdk8u\hotspot\src\share\vm\classfile\systemDictionary.cpp, line 210]
Event: 9.432 Thread 0x000000001945f800 Exception <a 'java/lang/ClassNotFoundException': build_cl2y2z0u568b8jrr5ucw337mhBeanInfo> (0x00000000e3dd9f78) thrown at [D:\src\AOSP-openjdk-cygwin\jdk8u\hotspot\src\share\vm\classfile\systemDictionary.cpp, line 210]
Event: 9.432 Thread 0x000000001945f800 Exception <a 'java/lang/ClassNotFoundException': build_cl2y2z0u568b8jrr5ucw337mhCustomizer> (0x00000000e3de4440) thrown at [D:\src\AOSP-openjdk-cygwin\jdk8u\hotspot\src\share\vm\classfile\systemDictionary.cpp, line 210]
Event: 9.438 Thread 0x000000001945f800 Exception <a 'java/lang/ClassNotFoundException': org/gradle/api/internal/plugins/DefaultObjectConfigurationActionBeanInfo> (0x00000000e3e49e40) thrown at [D:\src\AOSP-openjdk-cygwin\jdk8u\hotspot\src\share\vm\classfile\systemDictionary.cpp, line 210]
Event: 9.438 Thread 0x000000001945f800 Exception <a 'java/lang/ClassNotFoundException': org/gradle/api/internal/plugins/DefaultObjectConfigurationActionCustomizer> (0x00000000e3e9ad18) thrown at [D:\src\AOSP-openjdk-cygwin\jdk8u\hotspot\src\share\vm\classfile\systemDictionary.cpp, line 210]
Event: 10.013 Thread 0x000000001945f800 Exception <a 'sun/nio/fs/WindowsException'> (0x00000000e0e92b50) thrown at [D:\src\AOSP-openjdk-cygwin\jdk8u\hotspot\src\share\vm\prims\jni.cpp, line 709]
Event: 10.461 Thread 0x000000001945f800 Exception <a 'sun/nio/fs/WindowsException'> (0x00000000e03890d8) thrown at [D:\src\AOSP-openjdk-cygwin\jdk8u\hotspot\src\share\vm\prims\jni.cpp, line 709]

Events (10 events):
Event: 11.533 loading class com/android/build/gradle/api/AnnotationProcessorOptions done
Event: 11.534 loading class com/android/build/gradle/internal/dsl/AnnotationProcessorOptions
Event: 11.534 loading class com/android/build/gradle/internal/dsl/AnnotationProcessorOptions done
Event: 11.538 loading class com/android/build/gradle/internal/dsl/ShaderOptions
Event: 11.538 loading class com/android/build/gradle/internal/dsl/ShaderOptions done
Event: 11.541 loading class com/google/common/primitives/Ints
Event: 11.541 loading class com/google/common/primitives/Ints done
Event: 11.543 loading class com/google/common/primitives/Ints$IntConverter
Event: 11.543 loading class com/google/common/primitives/Ints$IntConverter done
Event: 11.548 Executing VM operation: CollectForMetadataAllocation


Dynamic libraries:
0x00007ff7b4f70000 - 0x00007ff7b4fa1000 	C:\Program Files\Android\Android Studio\jre\bin\java.exe
0x00007ffc34c00000 - 0x00007ffc34de1000 	C:\WINDOWS\SYSTEM32\ntdll.dll
0x00007ffc33c90000 - 0x00007ffc33d41000 	C:\WINDOWS\System32\KERNEL32.DLL
0x00007ffc31030000 - 0x00007ffc312a3000 	C:\WINDOWS\System32\KERNELBASE.dll
0x00007ffc34b20000 - 0x00007ffc34bc1000 	C:\WINDOWS\System32\ADVAPI32.dll
0x00007ffc33e20000 - 0x00007ffc33ebe000 	C:\WINDOWS\System32\msvcrt.dll
0x00007ffc33d50000 - 0x00007ffc33dab000 	C:\WINDOWS\System32\sechost.dll
0x00007ffc33b60000 - 0x00007ffc33c84000 	C:\WINDOWS\System32\RPCRT4.dll
0x00007ffc33ee0000 - 0x00007ffc34070000 	C:\WINDOWS\System32\USER32.dll
0x00007ffc31e80000 - 0x00007ffc31ea0000 	C:\WINDOWS\System32\win32u.dll
0x00007ffc34280000 - 0x00007ffc342a8000 	C:\WINDOWS\System32\GDI32.dll
0x00007ffc31ce0000 - 0x00007ffc31e72000 	C:\WINDOWS\System32\gdi32full.dll
0x00007ffc31ff0000 - 0x00007ffc3208f000 	C:\WINDOWS\System32\msvcp_win.dll
0x00007ffc31ef0000 - 0x00007ffc31fe8000 	C:\WINDOWS\System32\ucrtbase.dll
0x00007ffc25d30000 - 0x00007ffc25f99000 	C:\WINDOWS\WinSxS\amd64_microsoft.windows.common-controls_6595b64144ccf1df_6.0.17134.706_none_fb43a2cb30647007\COMCTL32.dll
0x00007ffc32150000 - 0x00007ffc32472000 	C:\WINDOWS\System32\combase.dll
0x00007ffc312b0000 - 0x00007ffc3132a000 	C:\WINDOWS\System32\bcryptPrimitives.dll
0x00007ffc33ad0000 - 0x00007ffc33afd000 	C:\WINDOWS\System32\IMM32.DLL
0x00000000726d0000 - 0x00000000727a2000 	C:\Program Files\Android\Android Studio\jre\jre\bin\msvcr100.dll
0x00000000717b0000 - 0x0000000071fef000 	C:\Program Files\Android\Android Studio\jre\jre\bin\server\jvm.dll
0x00007ffc348a0000 - 0x00007ffc348a8000 	C:\WINDOWS\System32\PSAPI.DLL
0x00007ffc2dae0000 - 0x00007ffc2db03000 	C:\WINDOWS\SYSTEM32\WINMM.dll
0x00007ffc249e0000 - 0x00007ffc249ea000 	C:\WINDOWS\SYSTEM32\VERSION.dll
0x00007ffc29220000 - 0x00007ffc29229000 	C:\WINDOWS\SYSTEM32\WSOCK32.dll
0x00007ffc33db0000 - 0x00007ffc33e1c000 	C:\WINDOWS\System32\WS2_32.dll
0x00007ffc2dab0000 - 0x00007ffc2dada000 	C:\WINDOWS\SYSTEM32\winmmbase.dll
0x00007ffc31ea0000 - 0x00007ffc31ee9000 	C:\WINDOWS\System32\cfgmgr32.dll
0x00007ffc25740000 - 0x00007ffc2574f000 	C:\Program Files\Android\Android Studio\jre\jre\bin\verify.dll
0x00007ffc11410000 - 0x00007ffc11439000 	C:\Program Files\Android\Android Studio\jre\jre\bin\java.dll
0x00007ffc223b0000 - 0x00007ffc223c6000 	C:\Program Files\Android\Android Studio\jre\jre\bin\zip.dll
0x00007ffc32690000 - 0x00007ffc33ad0000 	C:\WINDOWS\System32\SHELL32.dll
0x00007ffc343a0000 - 0x00007ffc34449000 	C:\WINDOWS\System32\shcore.dll
0x00007ffc315d0000 - 0x00007ffc31cdd000 	C:\WINDOWS\System32\windows.storage.dll
0x00007ffc320f0000 - 0x00007ffc32141000 	C:\WINDOWS\System32\shlwapi.dll
0x00007ffc30f60000 - 0x00007ffc30f71000 	C:\WINDOWS\System32\kernel.appcore.dll
0x00007ffc30f20000 - 0x00007ffc30f3f000 	C:\WINDOWS\System32\profapi.dll
0x00007ffc30f80000 - 0x00007ffc30fcc000 	C:\WINDOWS\System32\powrprof.dll
0x00007ffc30f10000 - 0x00007ffc30f1a000 	C:\WINDOWS\System32\FLTLIB.DLL
0x00007ffc113d0000 - 0x00007ffc113ea000 	C:\Program Files\Android\Android Studio\jre\jre\bin\net.dll
0x00007ffc30730000 - 0x00007ffc30796000 	C:\WINDOWS\system32\mswsock.dll
0x00007ffc0ef10000 - 0x00007ffc0ef21000 	C:\Program Files\Android\Android Studio\jre\jre\bin\nio.dll
0x00007ffc22310000 - 0x00007ffc2232e000 	C:\Users\jean2\.gradle\native\25\windows-amd64\native-platform.dll
0x00007ffc24780000 - 0x00007ffc2478d000 	C:\Program Files\Android\Android Studio\jre\jre\bin\management.dll
0x00007ffc308e0000 - 0x00007ffc308f7000 	C:\WINDOWS\SYSTEM32\CRYPTSP.dll
0x00007ffc30310000 - 0x00007ffc30343000 	C:\WINDOWS\system32\rsaenh.dll
0x00007ffc30a10000 - 0x00007ffc30a35000 	C:\WINDOWS\SYSTEM32\bcrypt.dll
0x00007ffc30e40000 - 0x00007ffc30e68000 	C:\WINDOWS\SYSTEM32\USERENV.dll
0x00007ffc30900000 - 0x00007ffc3090b000 	C:\WINDOWS\SYSTEM32\CRYPTBASE.dll
0x00007ffc304b0000 - 0x00007ffc304e8000 	C:\WINDOWS\SYSTEM32\IPHLPAPI.DLL
0x00007ffc32680000 - 0x00007ffc32688000 	C:\WINDOWS\System32\NSI.dll
0x00007ffc269d0000 - 0x00007ffc269e6000 	C:\WINDOWS\SYSTEM32\dhcpcsvc6.DLL
0x00007ffc292e0000 - 0x00007ffc292fa000 	C:\WINDOWS\SYSTEM32\dhcpcsvc.DLL

VM Arguments:
jvm_args: -Xmx1536m -Dfile.encoding=windows-1252 -Duser.country=ES -Duser.language=es -Duser.variant 
java_command: org.gradle.launcher.daemon.bootstrap.GradleDaemon 4.4
java_class_path (initial): C:\Users\jean2\.gradle\wrapper\dists\gradle-4.4-all\9br9xq1tocpiv8o6njlyu5op1\gradle-4.4\lib\gradle-launcher-4.4.jar
Launcher Type: SUN_STANDARD

Environment Variables:
PATH=C:\ProgramData\Oracle\Java\javapath;C:\WINDOWS\system32;C:\WINDOWS;C:\WINDOWS\System32\Wbem;C:\WINDOWS\System32\WindowsPowerShell\v1.0\;C:\Program Files\Microsoft SQL Server\120\Tools\Binn\;C:\Program Files\Microsoft SQL Server\130\Tools\Binn\;C:\Program Files (x86)\Microsoft SQL Server\130\Tools\Binn\;C:\Program Files (x86)\Microsoft SQL Server\130\DTS\Binn\;C:\Program Files\Microsoft SQL Server\130\DTS\Binn\;C:\Program Files\Microsoft SQL Server\Client SDK\ODBC\130\Tools\Binn\;C:\Program Files (x86)\Microsoft SQL Server\Client SDK\ODBC\130\Tools\Binn\;C:\Program Files (x86)\Microsoft SQL Server\140\Tools\Binn\;C:\Program Files (x86)\Microsoft SQL Server\140\DTS\Binn\;C:\Program Files (x86)\Microsoft SQL Server\140\Tools\Binn\ManagementStudio\;C:\Program Files (x86)\Windows Kits\8.1\Windows Performance Toolkit\;C:\Program Files\Microsoft SQL Server\110\Tools\Binn\;C:\WINDOWS\system32\config\systemprofile\.dnx\bin;C:\Program Files\Microsoft DNX\Dnvm\;C:\Program Files (x86)\Open;C:\Users\jean2\AppData\Local\Programs\Python\Python36\Lib\nmap;C:\Program Files\Microsoft\Web Platform Installer\;C:\Program Files\PuTTY\;C:\WINDOWS\System32\OpenSSH\;C:\Program Files\Git\cmd;C:\Program Files\Microsoft VS Code\bin;C:\Program Files\nodejs\;C:\xampp\php;C:\ProgramData\ComposerSetup\bin;C:\Program Files\Amazon\AWSCLI\;C:\WINDOWS\system32\config\systemprofile\AppData\Local\Programs\Python\Python37\Scripts;C:\WINDOWS\system32\config\systemprofile\AppData\Roaming\Python\Python37\Scripts;;C:\Program Files\OpenSSH\bin;C:\Users\jean2\AppData\Local\Programs\Python\Python37-32\Scripts\;C:\Users\jean2\AppData\Local\Programs\Python\Python37-32\;C:\Users\jean2\AppData\Local\Microsoft\WindowsApps;C:\Users\jean2\AppData\Local\Programs\Python\Python36;C:\Users\jean2\AppData\Local\Programs\Python\Python36\Lib\nmap;C:\Users\jean2\AppData\Local\Microsoft\WindowsApps;C:\flutter\bin;C:\Users\jean2\AppData\Roaming\npm;C:\Users\jean2\AppData\Roaming\Composer\vendor\bin
USERNAME=jean2
OS=Windows_NT
PROCESSOR_IDENTIFIER=Intel64 Family 6 Model 58 Stepping 9, GenuineIntel



---------------  S Y S T E M  ---------------

OS: Windows 10.0 , 64 bit Build 17134 (10.0.17134.706)

CPU:total 4 (initial active 4) (2 cores per cpu, 2 threads per core) family 6 model 58 stepping 9, cmov, cx8, fxsr, mmx, sse, sse2, sse3, ssse3, sse4.1, sse4.2, popcnt, avx, clmul, erms, ht, tsc, tscinvbit, tscinv

Memory: 4k page, physical 4080920k(424540k free), swap 6768144k(4844k free)

vm_info: OpenJDK 64-Bit Server VM (25.152-b02) for windows-amd64 JRE (1.8.0_152-release-1024-b02), built by "builder" with MS VC++ 10.0 (VS2010)

time: Thu May 09 14:56:17 2019
elapsed time: 11 seconds (0d 0h 0m 11s)

