#
# There is insufficient memory for the Java Runtime Environment to continue.
# Native memory allocation (malloc) failed to allocate 1275696 bytes for Chunk::new
# Possible reasons:
#   The system is out of physical RAM or swap space
#   In 32 bit mode, the process size limit was hit
# Possible solutions:
#   Reduce memory load on the system
#   Increase physical memory or swap space
#   Check if swap backing store is full
#   Use 64 bit Java on a 64 bit OS
#   Decrease Java heap size (-Xmx/-Xms)
#   Decrease number of Java threads
#   Decrease Java thread stack sizes (-Xss)
#   Set larger code cache with -XX:ReservedCodeCacheSize=
# This output file may be truncated or incomplete.
#
#  Out of Memory Error (allocation.cpp:390), pid=11256, tid=0x000000000000181c
#
# JRE version: OpenJDK Runtime Environment (8.0_152-b02) (build 1.8.0_152-release-1024-b02)
# Java VM: OpenJDK 64-Bit Server VM (25.152-b02 mixed mode windows-amd64 compressed oops)
# Failed to write core dump. Minidumps are not enabled by default on client versions of Windows
#

---------------  T H R E A D  ---------------

Current thread (0x0000000016803800):  JavaThread "C2 CompilerThread1" daemon [_thread_in_native, id=6172, stack(0x0000000017f30000,0x0000000018030000)]

Stack: [0x0000000017f30000,0x0000000018030000]
[error occurred during error reporting (printing stack bounds), id 0xc0000005]

Native frames: (J=compiled Java code, j=interpreted, Vv=VM code, C=native code)


Current CompileTask:
C2:  14604 4403       4       sun.reflect.generics.parser.SignatureParser::parsePackageNameAndSimpleClassTypeSignature (139 bytes)


---------------  P R O C E S S  ---------------

Java Threads: ( => current thread )
  0x000000001dd8f000 JavaThread "Memory manager" [_thread_blocked, id=14796, stack(0x0000000022250000,0x0000000022350000)]
  0x000000001dd8c000 JavaThread "pool-1-thread-1" [_thread_blocked, id=4496, stack(0x0000000022150000,0x0000000022250000)]
  0x000000001dd8e800 JavaThread "build operations Thread 4" [_thread_blocked, id=7068, stack(0x0000000021960000,0x0000000021a60000)]
  0x000000001dd89000 JavaThread "build operations Thread 3" [_thread_blocked, id=11576, stack(0x0000000021550000,0x0000000021650000)]
  0x000000001dd8d800 JavaThread "build operations Thread 2" [_thread_blocked, id=10696, stack(0x0000000021450000,0x0000000021550000)]
  0x000000001dd89800 JavaThread "build operations" [_thread_blocked, id=15300, stack(0x0000000021140000,0x0000000021240000)]
  0x000000001dd8b000 JavaThread "Cache worker for Artifact transforms cache (C:\Users\jean2\.gradle\caches\transforms-1)" [_thread_blocked, id=8712, stack(0x000000001ee90000,0x000000001ef90000)]
  0x000000001bd5c800 JavaThread "Cache worker for file hash cache (C:\android_studio_jprinter\creta\.gradle\4.4\fileHashes)" [_thread_blocked, id=14048, stack(0x000000001d340000,0x000000001d440000)]
  0x00000000197db000 JavaThread "File lock request listener" [_thread_in_native, id=13052, stack(0x000000001c270000,0x000000001c370000)]
  0x00000000197da800 JavaThread "Cache worker for file hash cache (C:\Users\jean2\.gradle\caches\4.4\fileHashes)" [_thread_blocked, id=13484, stack(0x000000001c170000,0x000000001c270000)]
  0x00000000196fb000 JavaThread "Stdin handler" [_thread_blocked, id=13396, stack(0x000000001aea0000,0x000000001afa0000)]
  0x0000000019701000 JavaThread "Asynchronous log dispatcher for DefaultDaemonConnection: socket connection from /127.0.0.1:5911 to /127.0.0.1:5912" [_thread_blocked, id=1308, stack(0x000000001ada0000,0x000000001aea0000)]
  0x00000000196ee800 JavaThread "Daemon worker" [_thread_in_native, id=3836, stack(0x000000001aca0000,0x000000001ada0000)]
  0x00000000196ee000 JavaThread "Cancel handler" [_thread_blocked, id=4440, stack(0x000000001aba0000,0x000000001aca0000)]
  0x00000000196b7000 JavaThread "Handler for socket connection from /127.0.0.1:5911 to /127.0.0.1:5912" [_thread_in_native, id=12516, stack(0x000000001a8a0000,0x000000001a9a0000)]
  0x00000000196b3800 JavaThread "Daemon" [_thread_blocked, id=13680, stack(0x000000001a7a0000,0x000000001a8a0000)]
  0x0000000019692800 JavaThread "Daemon periodic checks" [_thread_blocked, id=6280, stack(0x000000001a6a0000,0x000000001a7a0000)]
  0x000000001966d800 JavaThread "Incoming local TCP Connector on port 5911" [_thread_in_native, id=3260, stack(0x000000001a440000,0x000000001a540000)]
  0x000000001680d000 JavaThread "Service Thread" daemon [_thread_blocked, id=12604, stack(0x0000000018530000,0x0000000018630000)]
  0x0000000016808800 JavaThread "C1 CompilerThread2" daemon [_thread_blocked, id=12968, stack(0x0000000018430000,0x0000000018530000)]
=>0x0000000016803800 JavaThread "C2 CompilerThread1" daemon [_thread_in_native, id=6172, stack(0x0000000017f30000,0x0000000018030000)]
  0x00000000167ad800 JavaThread "C2 CompilerThread0" daemon [_thread_in_native, id=4908, stack(0x0000000017e30000,0x0000000017f30000)]
  0x00000000167ac800 JavaThread "Attach Listener" daemon [_thread_blocked, id=10688, stack(0x0000000017d30000,0x0000000017e30000)]
  0x00000000167ab000 JavaThread "Signal Dispatcher" daemon [_thread_blocked, id=4864, stack(0x0000000017c30000,0x0000000017d30000)]
  0x000000001679d800 JavaThread "Finalizer" daemon [_thread_blocked, id=2372, stack(0x0000000017a10000,0x0000000017b10000)]
  0x0000000002e34800 JavaThread "Reference Handler" daemon [_thread_blocked, id=2476, stack(0x0000000017910000,0x0000000017a10000)]
  0x0000000002d42800 JavaThread "main" [_thread_blocked, id=13688, stack(0x0000000002c40000,0x0000000002d40000)]

Other Threads:
  0x0000000016775000 VMThread [stack: 0x0000000017810000,0x0000000017910000] [id=12400]
  0x0000000018039000 WatcherThread [stack: 0x0000000018630000,0x0000000018730000] [id=14312]

VM state:not at safepoint (normal execution)

VM Mutex/Monitor currently owned by a thread: None

Heap:
 PSYoungGen      total 127488K, used 43922K [0x00000000e0000000, 0x00000000e8b80000, 0x0000000100000000)
  eden space 117248K, 29% used [0x00000000e0000000,0x00000000e2148440,0x00000000e7280000)
  from space 10240K, 96% used [0x00000000e8180000,0x00000000e8b1c4b0,0x00000000e8b80000)
  to   space 11264K, 0% used [0x00000000e7580000,0x00000000e7580000,0x00000000e8080000)
 ParOldGen       total 33280K, used 17683K [0x00000000a0000000, 0x00000000a2080000, 0x00000000e0000000)
  object space 33280K, 53% used [0x00000000a0000000,0x00000000a1144f70,0x00000000a2080000)
 Metaspace       used 44504K, capacity 45628K, committed 45824K, reserved 1089536K
  class space    used 5988K, capacity 6328K, committed 6400K, reserved 1048576K

Card table byte_map: [0x0000000012200000,0x0000000012510000] byte_map_base: 0x0000000011d00000

Marking Bits: (ParMarkBitMap*) 0x0000000071f74970
 Begin Bits: [0x0000000012b10000, 0x0000000014310000)
 End Bits:   [0x0000000014310000, 0x0000000015b10000)

Polling page: 0x0000000002a20000

CodeCache: size=245760Kb used=14282Kb max_used=14282Kb free=231477Kb
 bounds [0x0000000002e40000, 0x0000000003c40000, 0x0000000011e40000]
 total_blobs=4835 nmethods=4116 adapters=631
 compilation: enabled

Compilation events (10 events):
Event: 14.520 Thread 0x0000000016808800 4519       3       java.util.LinkedList$ListItr::set (28 bytes)
Event: 14.521 Thread 0x0000000016808800 nmethod 4519 0x0000000003c3b650 code [0x0000000003c3b7e0, 0x0000000003c3bc38]
Event: 14.522 Thread 0x0000000016808800 4520       1       groovy.lang.MetaClassImpl::getTheClass (5 bytes)
Event: 14.522 Thread 0x0000000016808800 nmethod 4520 0x0000000003c3be50 code [0x0000000003c3bfa0, 0x0000000003c3c0b0]
Event: 14.564 Thread 0x0000000016808800 4521       3       java.util.regex.Pattern$CharProperty::study (29 bytes)
Event: 14.564 Thread 0x0000000016808800 nmethod 4521 0x0000000003c3c110 code [0x0000000003c3c280, 0x0000000003c3c4c8]
Event: 14.564 Thread 0x0000000016808800 4522       3       org.gradle.internal.classloader.FilteringClassLoader::getPackage (22 bytes)
Event: 14.565 Thread 0x0000000016808800 nmethod 4522 0x0000000003c3c590 code [0x0000000003c3c700, 0x0000000003c3c958]
Event: 14.579 Thread 0x0000000016808800 4523       3       java.util.regex.Pattern$Curly::study (153 bytes)
Event: 14.580 Thread 0x0000000016808800 nmethod 4523 0x0000000003c3ca10 code [0x0000000003c3cba0, 0x0000000003c3d158]

GC Heap History (10 events):
Event: 8.413 GC heap before
{Heap before GC invocations=10 (full 1):
 PSYoungGen      total 72192K, used 65024K [0x00000000e0000000, 0x00000000e4f00000, 0x0000000100000000)
  eden space 65024K, 100% used [0x00000000e0000000,0x00000000e3f80000,0x00000000e3f80000)
  from space 7168K, 0% used [0x00000000e4700000,0x00000000e4700000,0x00000000e4e00000)
  to   space 7680K, 0% used [0x00000000e3f80000,0x00000000e3f80000,0x00000000e4700000)
 ParOldGen       total 33280K, used 8644K [0x00000000a0000000, 0x00000000a2080000, 0x00000000e0000000)
  object space 33280K, 25% used [0x00000000a0000000,0x00000000a0871358,0x00000000a2080000)
 Metaspace       used 27880K, capacity 28360K, committed 28544K, reserved 1073152K
  class space    used 3793K, capacity 3955K, committed 3968K, reserved 1048576K
Event: 8.431 GC heap after
Heap after GC invocations=10 (full 1):
 PSYoungGen      total 72704K, used 7671K [0x00000000e0000000, 0x00000000e6980000, 0x0000000100000000)
  eden space 65024K, 0% used [0x00000000e0000000,0x00000000e0000000,0x00000000e3f80000)
  from space 7680K, 99% used [0x00000000e3f80000,0x00000000e46fdc08,0x00000000e4700000)
  to   space 8704K, 0% used [0x00000000e6100000,0x00000000e6100000,0x00000000e6980000)
 ParOldGen       total 33280K, used 8703K [0x00000000a0000000, 0x00000000a2080000, 0x00000000e0000000)
  object space 33280K, 26% used [0x00000000a0000000,0x00000000a087fdd0,0x00000000a2080000)
 Metaspace       used 27880K, capacity 28360K, committed 28544K, reserved 1073152K
  class space    used 3793K, capacity 3955K, committed 3968K, reserved 1048576K
}
Event: 10.275 GC heap before
{Heap before GC invocations=11 (full 1):
 PSYoungGen      total 72704K, used 72695K [0x00000000e0000000, 0x00000000e6980000, 0x0000000100000000)
  eden space 65024K, 100% used [0x00000000e0000000,0x00000000e3f80000,0x00000000e3f80000)
  from space 7680K, 99% used [0x00000000e3f80000,0x00000000e46fdc08,0x00000000e4700000)
  to   space 8704K, 0% used [0x00000000e6100000,0x00000000e6100000,0x00000000e6980000)
 ParOldGen       total 33280K, used 8703K [0x00000000a0000000, 0x00000000a2080000, 0x00000000e0000000)
  object space 33280K, 26% used [0x00000000a0000000,0x00000000a087fdd0,0x00000000a2080000)
 Metaspace       used 32459K, capacity 33270K, committed 33408K, reserved 1077248K
  class space    used 4441K, capacity 4689K, committed 4736K, reserved 1048576K
Event: 10.301 GC heap after
Heap after GC invocations=11 (full 1):
 PSYoungGen      total 97280K, used 8690K [0x00000000e0000000, 0x00000000e6d00000, 0x0000000100000000)
  eden space 88576K, 0% used [0x00000000e0000000,0x00000000e0000000,0x00000000e5680000)
  from space 8704K, 99% used [0x00000000e6100000,0x00000000e697cb38,0x00000000e6980000)
  to   space 10752K, 0% used [0x00000000e5680000,0x00000000e5680000,0x00000000e6100000)
 ParOldGen       total 33280K, used 11049K [0x00000000a0000000, 0x00000000a2080000, 0x00000000e0000000)
  object space 33280K, 33% used [0x00000000a0000000,0x00000000a0aca720,0x00000000a2080000)
 Metaspace       used 32459K, capacity 33270K, committed 33408K, reserved 1077248K
  class space    used 4441K, capacity 4689K, committed 4736K, reserved 1048576K
}
Event: 11.799 GC heap before
{Heap before GC invocations=12 (full 1):
 PSYoungGen      total 97280K, used 48891K [0x00000000e0000000, 0x00000000e6d00000, 0x0000000100000000)
  eden space 88576K, 45% used [0x00000000e0000000,0x00000000e2742458,0x00000000e5680000)
  from space 8704K, 99% used [0x00000000e6100000,0x00000000e697cb38,0x00000000e6980000)
  to   space 10752K, 0% used [0x00000000e5680000,0x00000000e5680000,0x00000000e6100000)
 ParOldGen       total 33280K, used 11049K [0x00000000a0000000, 0x00000000a2080000, 0x00000000e0000000)
  object space 33280K, 33% used [0x00000000a0000000,0x00000000a0aca720,0x00000000a2080000)
 Metaspace       used 34468K, capacity 35312K, committed 35416K, reserved 1079296K
  class space    used 4724K, capacity 5030K, committed 5120K, reserved 1048576K
Event: 11.825 GC heap after
Heap after GC invocations=12 (full 1):
 PSYoungGen      total 99328K, used 3938K [0x00000000e0000000, 0x00000000e8b80000, 0x0000000100000000)
  eden space 88576K, 0% used [0x00000000e0000000,0x00000000e0000000,0x00000000e5680000)
  from space 10752K, 36% used [0x00000000e5680000,0x00000000e5a58810,0x00000000e6100000)
  to   space 10240K, 0% used [0x00000000e8180000,0x00000000e8180000,0x00000000e8b80000)
 ParOldGen       total 33280K, used 18627K [0x00000000a0000000, 0x00000000a2080000, 0x00000000e0000000)
  object space 33280K, 55% used [0x00000000a0000000,0x00000000a1230dc0,0x00000000a2080000)
 Metaspace       used 34468K, capacity 35312K, committed 35416K, reserved 1079296K
  class space    used 4724K, capacity 5030K, committed 5120K, reserved 1048576K
}
Event: 11.826 GC heap before
{Heap before GC invocations=13 (full 2):
 PSYoungGen      total 99328K, used 3938K [0x00000000e0000000, 0x00000000e8b80000, 0x0000000100000000)
  eden space 88576K, 0% used [0x00000000e0000000,0x00000000e0000000,0x00000000e5680000)
  from space 10752K, 36% used [0x00000000e5680000,0x00000000e5a58810,0x00000000e6100000)
  to   space 10240K, 0% used [0x00000000e8180000,0x00000000e8180000,0x00000000e8b80000)
 ParOldGen       total 33280K, used 18627K [0x00000000a0000000, 0x00000000a2080000, 0x00000000e0000000)
  object space 33280K, 55% used [0x00000000a0000000,0x00000000a1230dc0,0x00000000a2080000)
 Metaspace       used 34468K, capacity 35312K, committed 35416K, reserved 1079296K
  class space    used 4724K, capacity 5030K, committed 5120K, reserved 1048576K
Event: 11.918 GC heap after
Heap after GC invocations=13 (full 2):
 PSYoungGen      total 99328K, used 0K [0x00000000e0000000, 0x00000000e8b80000, 0x0000000100000000)
  eden space 88576K, 0% used [0x00000000e0000000,0x00000000e0000000,0x00000000e5680000)
  from space 10752K, 0% used [0x00000000e5680000,0x00000000e5680000,0x00000000e6100000)
  to   space 10240K, 0% used [0x00000000e8180000,0x00000000e8180000,0x00000000e8b80000)
 ParOldGen       total 33280K, used 17675K [0x00000000a0000000, 0x00000000a2080000, 0x00000000e0000000)
  object space 33280K, 53% used [0x00000000a0000000,0x00000000a1142f70,0x00000000a2080000)
 Metaspace       used 34417K, capacity 35180K, committed 35416K, reserved 1079296K
  class space    used 4711K, capacity 4986K, committed 5120K, reserved 1048576K
}
Event: 13.799 GC heap before
{Heap before GC invocations=14 (full 2):
 PSYoungGen      total 99328K, used 88576K [0x00000000e0000000, 0x00000000e8b80000, 0x0000000100000000)
  eden space 88576K, 100% used [0x00000000e0000000,0x00000000e5680000,0x00000000e5680000)
  from space 10752K, 0% used [0x00000000e5680000,0x00000000e5680000,0x00000000e6100000)
  to   space 10240K, 0% used [0x00000000e8180000,0x00000000e8180000,0x00000000e8b80000)
 ParOldGen       total 33280K, used 17675K [0x00000000a0000000, 0x00000000a2080000, 0x00000000e0000000)
  object space 33280K, 53% used [0x00000000a0000000,0x00000000a1142f70,0x00000000a2080000)
 Metaspace       used 42224K, capacity 43110K, committed 43392K, reserved 1087488K
  class space    used 5664K, capacity 5926K, committed 6016K, reserved 1048576K
Event: 13.823 GC heap after
Heap after GC invocations=14 (full 2):
 PSYoungGen      total 127488K, used 9841K [0x00000000e0000000, 0x00000000e8b80000, 0x0000000100000000)
  eden space 117248K, 0% used [0x00000000e0000000,0x00000000e0000000,0x00000000e7280000)
  from space 10240K, 96% used [0x00000000e8180000,0x00000000e8b1c4b0,0x00000000e8b80000)
  to   space 11264K, 0% used [0x00000000e7580000,0x00000000e7580000,0x00000000e8080000)
 ParOldGen       total 33280K, used 17683K [0x00000000a0000000, 0x00000000a2080000, 0x00000000e0000000)
  object space 33280K, 53% used [0x00000000a0000000,0x00000000a1144f70,0x00000000a2080000)
 Metaspace       used 42224K, capacity 43110K, committed 43392K, reserved 1087488K
  class space    used 5664K, capacity 5926K, committed 6016K, reserved 1048576K
}

Deoptimization events (10 events):
Event: 12.955 Thread 0x00000000196ee800 Uncommon trap: reason=unstable_if action=reinterpret pc=0x0000000002fbadf8 method=java.util.HashMap.putVal(ILjava/lang/Object;Ljava/lang/Object;ZZ)Ljava/lang/Object; @ 162
Event: 12.955 Thread 0x00000000196ee800 Uncommon trap: reason=unstable_if action=reinterpret pc=0x00000000033b9fa8 method=java.util.HashMap.putVal(ILjava/lang/Object;Ljava/lang/Object;ZZ)Ljava/lang/Object; @ 162
Event: 12.956 Thread 0x00000000196ee800 Uncommon trap: reason=unstable_if action=reinterpret pc=0x00000000032859c0 method=java.util.HashMap.resize()[Ljava/util/HashMap$Node; @ 206
Event: 13.098 Thread 0x00000000196ee800 Uncommon trap: reason=unstable_if action=reinterpret pc=0x0000000003a5e934 method=java.lang.reflect.Modifier.toString(I)Ljava/lang/String; @ 123
Event: 13.098 Thread 0x00000000196ee800 Uncommon trap: reason=unstable_if action=reinterpret pc=0x0000000003a93870 method=java.lang.reflect.Modifier.toString(I)Ljava/lang/String; @ 123
Event: 13.469 Thread 0x00000000196ee800 Uncommon trap: reason=unstable_if action=reinterpret pc=0x0000000003292a7c method=java.lang.CharacterDataLatin1.isWhitespace(I)Z @ 14
Event: 13.568 Thread 0x00000000196ee800 Uncommon trap: reason=unstable_if action=reinterpret pc=0x0000000002fdc8e4 method=java.util.jar.JarFile.getInputStream(Ljava/util/zip/ZipEntry;)Ljava/io/InputStream; @ 37
Event: 13.573 Thread 0x00000000196ee800 Uncommon trap: reason=unstable_if action=reinterpret pc=0x0000000003451dec method=java.security.CodeSource.getCertificates()[Ljava/security/cert/Certificate; @ 22
Event: 13.611 Thread 0x00000000196ee800 Uncommon trap: reason=unstable_if action=reinterpret pc=0x0000000003a0bbf8 method=java.util.LinkedHashMap.get(Ljava/lang/Object;)Ljava/lang/Object; @ 20
Event: 13.733 Thread 0x00000000196ee800 Uncommon trap: reason=range_check action=make_not_entrant pc=0x0000000003aa25ec method=java.lang.String.charAt(I)C @ 27

Classes redefined (0 events):
No events

Internal exceptions (10 events):
Event: 14.478 Thread 0x00000000196ee800 Exception <a 'java/lang/ClassNotFoundException': build_cl2y2z0u568b8jrr5ucw337mh$_run_closure1BeanInfo> (0x00000000e1b92b78) thrown at [D:\src\AOSP-openjdk-cygwin\jdk8u\hotspot\src\share\vm\classfile\systemDictionary.cpp, line 210]
Event: 14.479 Thread 0x00000000196ee800 Exception <a 'java/lang/ClassNotFoundException': build_cl2y2z0u568b8jrr5ucw337mh$_run_closure1Customizer> (0x00000000e1ba1e48) thrown at [D:\src\AOSP-openjdk-cygwin\jdk8u\hotspot\src\share\vm\classfile\systemDictionary.cpp, line 210]
Event: 14.507 Thread 0x00000000196ee800 Exception <a 'java/lang/ClassNotFoundException': org/gradle/api/internal/file/collections/DefaultConfigurableFileTreeBeanInfo> (0x00000000e1c95b50) thrown at [D:\src\AOSP-openjdk-cygwin\jdk8u\hotspot\src\share\vm\classfile\systemDictionary.cpp, line 210]
Event: 14.509 Thread 0x00000000196ee800 Exception <a 'java/lang/ClassNotFoundException': org/gradle/api/internal/file/CompositeFileTreeBeanInfo> (0x00000000e1cc3d80) thrown at [D:\src\AOSP-openjdk-cygwin\jdk8u\hotspot\src\share\vm\classfile\systemDictionary.cpp, line 210]
Event: 14.510 Thread 0x00000000196ee800 Exception <a 'java/lang/ClassNotFoundException': org/gradle/api/internal/file/CompositeFileCollectionBeanInfo> (0x00000000e1cf5808) thrown at [D:\src\AOSP-openjdk-cygwin\jdk8u\hotspot\src\share\vm\classfile\systemDictionary.cpp, line 210]
Event: 14.511 Thread 0x00000000196ee800 Exception <a 'java/lang/ClassNotFoundException': org/gradle/api/internal/file/AbstractFileCollectionBeanInfo> (0x00000000e1d27468) thrown at [D:\src\AOSP-openjdk-cygwin\jdk8u\hotspot\src\share\vm\classfile\systemDictionary.cpp, line 210]
Event: 14.513 Thread 0x00000000196ee800 Exception <a 'java/lang/ClassNotFoundException': org/gradle/api/internal/file/AbstractFileCollectionCustomizer> (0x00000000e1d59a58) thrown at [D:\src\AOSP-openjdk-cygwin\jdk8u\hotspot\src\share\vm\classfile\systemDictionary.cpp, line 210]
Event: 14.514 Thread 0x00000000196ee800 Exception <a 'java/lang/ClassNotFoundException': org/gradle/api/internal/file/CompositeFileCollectionCustomizer> (0x00000000e1d9cf78) thrown at [D:\src\AOSP-openjdk-cygwin\jdk8u\hotspot\src\share\vm\classfile\systemDictionary.cpp, line 210]
Event: 14.516 Thread 0x00000000196ee800 Exception <a 'java/lang/ClassNotFoundException': org/gradle/api/internal/file/CompositeFileTreeCustomizer> (0x00000000e1ddb918) thrown at [D:\src\AOSP-openjdk-cygwin\jdk8u\hotspot\src\share\vm\classfile\systemDictionary.cpp, line 210]
Event: 14.519 Thread 0x00000000196ee800 Exception <a 'java/lang/ClassNotFoundException': org/gradle/api/internal/file/collections/DefaultConfigurableFileTreeCustomizer> (0x00000000e1e23698) thrown at [D:\src\AOSP-openjdk-cygwin\jdk8u\hotspot\src\share\vm\classfile\systemDictionary.cpp, line 210

Events (10 events):
Event: 14.590 loading class com/android/sdklib/repository/sources/generated/v4/ObjectFactory
Event: 14.590 loading class com/android/sdklib/repository/sources/generated/v4/ObjectFactory done
Event: 14.591 loading class java/util/Optional
Event: 14.591 loading class java/util/Optional done
Event: 14.592 loading class com/android/repository/api/RemoteListSourceProvider
Event: 14.592 loading class com/android/repository/api/RemoteListSourceProvider done
Event: 14.592 loading class com/android/repository/impl/sources/RemoteListSourceProviderImpl
Event: 14.592 loading class com/android/repository/impl/sources/RemoteListSourceProviderImpl done
Event: 14.593 loading class javax/xml/bind/JAXBException
Event: 14.594 loading class javax/xml/bind/JAXBException done


Dynamic libraries:
0x00007ff7b4f70000 - 0x00007ff7b4fa1000 	C:\Program Files\Android\Android Studio\jre\bin\java.exe
0x00007ffc34c00000 - 0x00007ffc34de1000 	C:\WINDOWS\SYSTEM32\ntdll.dll
0x00007ffc33c90000 - 0x00007ffc33d41000 	C:\WINDOWS\System32\KERNEL32.DLL
0x00007ffc31030000 - 0x00007ffc312a3000 	C:\WINDOWS\System32\KERNELBASE.dll
0x00007ffc34b20000 - 0x00007ffc34bc1000 	C:\WINDOWS\System32\ADVAPI32.dll
0x00007ffc33e20000 - 0x00007ffc33ebe000 	C:\WINDOWS\System32\msvcrt.dll
0x00007ffc33d50000 - 0x00007ffc33dab000 	C:\WINDOWS\System32\sechost.dll
0x00007ffc33b60000 - 0x00007ffc33c84000 	C:\WINDOWS\System32\RPCRT4.dll
0x00007ffc33ee0000 - 0x00007ffc34070000 	C:\WINDOWS\System32\USER32.dll
0x00007ffc31e80000 - 0x00007ffc31ea0000 	C:\WINDOWS\System32\win32u.dll
0x00007ffc34280000 - 0x00007ffc342a8000 	C:\WINDOWS\System32\GDI32.dll
0x00007ffc31ce0000 - 0x00007ffc31e72000 	C:\WINDOWS\System32\gdi32full.dll
0x00007ffc31ff0000 - 0x00007ffc3208f000 	C:\WINDOWS\System32\msvcp_win.dll
0x00007ffc31ef0000 - 0x00007ffc31fe8000 	C:\WINDOWS\System32\ucrtbase.dll
0x00007ffc25d30000 - 0x00007ffc25f99000 	C:\WINDOWS\WinSxS\amd64_microsoft.windows.common-controls_6595b64144ccf1df_6.0.17134.706_none_fb43a2cb30647007\COMCTL32.dll
0x00007ffc32150000 - 0x00007ffc32472000 	C:\WINDOWS\System32\combase.dll
0x00007ffc312b0000 - 0x00007ffc3132a000 	C:\WINDOWS\System32\bcryptPrimitives.dll
0x00007ffc33ad0000 - 0x00007ffc33afd000 	C:\WINDOWS\System32\IMM32.DLL
0x00000000726d0000 - 0x00000000727a2000 	C:\Program Files\Android\Android Studio\jre\jre\bin\msvcr100.dll
0x00000000717b0000 - 0x0000000071fef000 	C:\Program Files\Android\Android Studio\jre\jre\bin\server\jvm.dll
0x00007ffc348a0000 - 0x00007ffc348a8000 	C:\WINDOWS\System32\PSAPI.DLL
0x00007ffc2dae0000 - 0x00007ffc2db03000 	C:\WINDOWS\SYSTEM32\WINMM.dll
0x00007ffc249e0000 - 0x00007ffc249ea000 	C:\WINDOWS\SYSTEM32\VERSION.dll
0x00007ffc2dab0000 - 0x00007ffc2dada000 	C:\WINDOWS\SYSTEM32\winmmbase.dll
0x00007ffc31ea0000 - 0x00007ffc31ee9000 	C:\WINDOWS\System32\cfgmgr32.dll
0x00007ffc29220000 - 0x00007ffc29229000 	C:\WINDOWS\SYSTEM32\WSOCK32.dll
0x00007ffc33db0000 - 0x00007ffc33e1c000 	C:\WINDOWS\System32\WS2_32.dll
0x00007ffc25740000 - 0x00007ffc2574f000 	C:\Program Files\Android\Android Studio\jre\jre\bin\verify.dll
0x00007ffc11410000 - 0x00007ffc11439000 	C:\Program Files\Android\Android Studio\jre\jre\bin\java.dll
0x00007ffc223b0000 - 0x00007ffc223c6000 	C:\Program Files\Android\Android Studio\jre\jre\bin\zip.dll
0x00007ffc32690000 - 0x00007ffc33ad0000 	C:\WINDOWS\System32\SHELL32.dll
0x00007ffc343a0000 - 0x00007ffc34449000 	C:\WINDOWS\System32\shcore.dll
0x00007ffc315d0000 - 0x00007ffc31cdd000 	C:\WINDOWS\System32\windows.storage.dll
0x00007ffc320f0000 - 0x00007ffc32141000 	C:\WINDOWS\System32\shlwapi.dll
0x00007ffc30f60000 - 0x00007ffc30f71000 	C:\WINDOWS\System32\kernel.appcore.dll
0x00007ffc30f20000 - 0x00007ffc30f3f000 	C:\WINDOWS\System32\profapi.dll
0x00007ffc30f80000 - 0x00007ffc30fcc000 	C:\WINDOWS\System32\powrprof.dll
0x00007ffc30f10000 - 0x00007ffc30f1a000 	C:\WINDOWS\System32\FLTLIB.DLL
0x00007ffc113d0000 - 0x00007ffc113ea000 	C:\Program Files\Android\Android Studio\jre\jre\bin\net.dll
0x00007ffc30730000 - 0x00007ffc30796000 	C:\WINDOWS\system32\mswsock.dll
0x00007ffc0ef10000 - 0x00007ffc0ef21000 	C:\Program Files\Android\Android Studio\jre\jre\bin\nio.dll
0x00007ffc22310000 - 0x00007ffc2232e000 	C:\Users\jean2\.gradle\native\25\windows-amd64\native-platform.dll
0x00007ffc24780000 - 0x00007ffc2478d000 	C:\Program Files\Android\Android Studio\jre\jre\bin\management.dll
0x00007ffc308e0000 - 0x00007ffc308f7000 	C:\WINDOWS\SYSTEM32\CRYPTSP.dll
0x00007ffc30310000 - 0x00007ffc30343000 	C:\WINDOWS\system32\rsaenh.dll
0x00007ffc30a10000 - 0x00007ffc30a35000 	C:\WINDOWS\SYSTEM32\bcrypt.dll
0x00007ffc30e40000 - 0x00007ffc30e68000 	C:\WINDOWS\SYSTEM32\USERENV.dll
0x00007ffc30900000 - 0x00007ffc3090b000 	C:\WINDOWS\SYSTEM32\CRYPTBASE.dll
0x00007ffc304b0000 - 0x00007ffc304e8000 	C:\WINDOWS\SYSTEM32\IPHLPAPI.DLL
0x00007ffc32680000 - 0x00007ffc32688000 	C:\WINDOWS\System32\NSI.dll
0x00007ffc269d0000 - 0x00007ffc269e6000 	C:\WINDOWS\SYSTEM32\dhcpcsvc6.DLL
0x00007ffc292e0000 - 0x00007ffc292fa000 	C:\WINDOWS\SYSTEM32\dhcpcsvc.DLL

VM Arguments:
jvm_args: -Xmx1536m -Dfile.encoding=windows-1252 -Duser.country=ES -Duser.language=es -Duser.variant 
java_command: org.gradle.launcher.daemon.bootstrap.GradleDaemon 4.4
java_class_path (initial): C:\Users\jean2\.gradle\wrapper\dists\gradle-4.4-all\9br9xq1tocpiv8o6njlyu5op1\gradle-4.4\lib\gradle-launcher-4.4.jar
Launcher Type: SUN_STANDARD

Environment Variables:
PATH=C:\ProgramData\Oracle\Java\javapath;C:\WINDOWS\system32;C:\WINDOWS;C:\WINDOWS\System32\Wbem;C:\WINDOWS\System32\WindowsPowerShell\v1.0\;C:\Program Files\Microsoft SQL Server\120\Tools\Binn\;C:\Program Files\Microsoft SQL Server\130\Tools\Binn\;C:\Program Files (x86)\Microsoft SQL Server\130\Tools\Binn\;C:\Program Files (x86)\Microsoft SQL Server\130\DTS\Binn\;C:\Program Files\Microsoft SQL Server\130\DTS\Binn\;C:\Program Files\Microsoft SQL Server\Client SDK\ODBC\130\Tools\Binn\;C:\Program Files (x86)\Microsoft SQL Server\Client SDK\ODBC\130\Tools\Binn\;C:\Program Files (x86)\Microsoft SQL Server\140\Tools\Binn\;C:\Program Files (x86)\Microsoft SQL Server\140\DTS\Binn\;C:\Program Files (x86)\Microsoft SQL Server\140\Tools\Binn\ManagementStudio\;C:\Program Files (x86)\Windows Kits\8.1\Windows Performance Toolkit\;C:\Program Files\Microsoft SQL Server\110\Tools\Binn\;C:\WINDOWS\system32\config\systemprofile\.dnx\bin;C:\Program Files\Microsoft DNX\Dnvm\;C:\Program Files (x86)\Open;C:\Users\jean2\AppData\Local\Programs\Python\Python36\Lib\nmap;C:\Program Files\Microsoft\Web Platform Installer\;C:\Program Files\PuTTY\;C:\WINDOWS\System32\OpenSSH\;C:\Program Files\Git\cmd;C:\Program Files\Microsoft VS Code\bin;C:\Program Files\nodejs\;C:\xampp\php;C:\ProgramData\ComposerSetup\bin;C:\Program Files\Amazon\AWSCLI\;C:\WINDOWS\system32\config\systemprofile\AppData\Local\Programs\Python\Python37\Scripts;C:\WINDOWS\system32\config\systemprofile\AppData\Roaming\Python\Python37\Scripts;;C:\Program Files\OpenSSH\bin;C:\Users\jean2\AppData\Local\Programs\Python\Python37-32\Scripts\;C:\Users\jean2\AppData\Local\Programs\Python\Python37-32\;C:\Users\jean2\AppData\Local\Microsoft\WindowsApps;C:\Users\jean2\AppData\Local\Programs\Python\Python36;C:\Users\jean2\AppData\Local\Programs\Python\Python36\Lib\nmap;C:\Users\jean2\AppData\Local\Microsoft\WindowsApps;C:\flutter\bin;C:\Users\jean2\AppData\Roaming\npm;C:\Users\jean2\AppData\Roaming\Composer\vendor\bin
USERNAME=jean2
OS=Windows_NT
PROCESSOR_IDENTIFIER=Intel64 Family 6 Model 58 Stepping 9, GenuineIntel



---------------  S Y S T E M  ---------------

OS: Windows 10.0 , 64 bit Build 17134 (10.0.17134.706)

CPU:total 4 (initial active 4) (2 cores per cpu, 2 threads per core) family 6 model 58 stepping 9, cmov, cx8, fxsr, mmx, sse, sse2, sse3, ssse3, sse4.1, sse4.2, popcnt, avx, clmul, erms, ht, tsc, tscinvbit, tscinv

Memory: 4k page, physical 4080920k(491416k free), swap 6768144k(5752k free)

vm_info: OpenJDK 64-Bit Server VM (25.152-b02) for windows-amd64 JRE (1.8.0_152-release-1024-b02), built by "builder" with MS VC++ 10.0 (VS2010)

time: Thu May 09 14:55:41 2019
elapsed time: 14 seconds (0d 0h 0m 14s)

