#
# There is insufficient memory for the Java Runtime Environment to continue.
# Native memory allocation (malloc) failed to allocate 32744 bytes for ChunkPool::allocate
# Possible reasons:
#   The system is out of physical RAM or swap space
#   In 32 bit mode, the process size limit was hit
# Possible solutions:
#   Reduce memory load on the system
#   Increase physical memory or swap space
#   Check if swap backing store is full
#   Use 64 bit Java on a 64 bit OS
#   Decrease Java heap size (-Xmx/-Xms)
#   Decrease number of Java threads
#   Decrease Java thread stack sizes (-Xss)
#   Set larger code cache with -XX:ReservedCodeCacheSize=
# This output file may be truncated or incomplete.
#
#  Out of Memory Error (allocation.cpp:273), pid=12812, tid=0x00000000000029d4
#
# JRE version: OpenJDK Runtime Environment (8.0_152-b02) (build 1.8.0_152-release-1024-b02)
# Java VM: OpenJDK 64-Bit Server VM (25.152-b02 mixed mode windows-amd64 compressed oops)
# Failed to write core dump. Minidumps are not enabled by default on client versions of Windows
#

---------------  T H R E A D  ---------------

Current thread (0x0000000016ba8000):  JavaThread "C1 CompilerThread2" daemon [_thread_in_native, id=10708, stack(0x00000000183d0000,0x00000000184d0000)]

Stack: [0x00000000183d0000,0x00000000184d0000]
[error occurred during error reporting (printing stack bounds), id 0xc0000005]

Native frames: (J=compiled Java code, j=interpreted, Vv=VM code, C=native code)


Current CompileTask:
C1:  12186 3981   !   2      
[error occurred during error reporting (printing current compile task), id 0xe0000001]


---------------  P R O C E S S  ---------------

Java Threads: ( => current thread )
  0x000000001cfb5800 JavaThread "Memory manager" [_thread_blocked, id=15224, stack(0x0000000021270000,0x0000000021370000)]
  0x000000001cfb4000 JavaThread "pool-1-thread-1" [_thread_blocked, id=3808, stack(0x0000000020f70000,0x0000000021070000)]
  0x000000001cfb1000 JavaThread "build operations Thread 4" [_thread_blocked, id=13988, stack(0x0000000020a70000,0x0000000020b70000)]
  0x000000001d4d0800 JavaThread "build operations Thread 3" [_thread_blocked, id=14280, stack(0x0000000020970000,0x0000000020a70000)]
  0x000000001d4cf000 JavaThread "build operations Thread 2" [_thread_blocked, id=1572, stack(0x0000000020870000,0x0000000020970000)]
  0x000000001d4ce000 JavaThread "build operations" [_thread_blocked, id=14988, stack(0x0000000020770000,0x0000000020870000)]
  0x000000001d4cf800 JavaThread "Cache worker for Artifact transforms cache (C:\Users\jean2\.gradle\caches\transforms-1)" [_thread_blocked, id=3380, stack(0x000000001fe20000,0x000000001ff20000)]
  0x0000000019e00000 JavaThread "Cache worker for file hash cache (C:\android_studio_jprinter\creta\.gradle\4.4\fileHashes)" [_thread_blocked, id=11444, stack(0x000000001c710000,0x000000001c810000)]
  0x0000000019f68000 JavaThread "File lock request listener" [_thread_in_native, id=8068, stack(0x000000001b640000,0x000000001b740000)]
  0x0000000019a74000 JavaThread "Cache worker for file hash cache (C:\Users\jean2\.gradle\caches\4.4\fileHashes)" [_thread_blocked, id=15064, stack(0x000000001b540000,0x000000001b640000)]
  0x0000000019bd5000 JavaThread "Stdin handler" [_thread_blocked, id=14380, stack(0x000000001b240000,0x000000001b340000)]
  0x0000000019bc7000 JavaThread "Asynchronous log dispatcher for DefaultDaemonConnection: socket connection from /127.0.0.1:5935 to /127.0.0.1:5936" [_thread_blocked, id=10844, stack(0x000000001b140000,0x000000001b240000)]
  0x0000000019bd9000 JavaThread "Daemon worker" [_thread_in_vm, id=10500, stack(0x000000001b040000,0x000000001b140000)]
  0x0000000019be2800 JavaThread "Cancel handler" [_thread_blocked, id=9760, stack(0x000000001af40000,0x000000001b040000)]
  0x000000001986b000 JavaThread "Handler for socket connection from /127.0.0.1:5935 to /127.0.0.1:5936" [_thread_in_native, id=8720, stack(0x000000001ac40000,0x000000001ad40000)]
  0x0000000019863000 JavaThread "Daemon" [_thread_blocked, id=13712, stack(0x000000001ab40000,0x000000001ac40000)]
  0x0000000019947800 JavaThread "Daemon periodic checks" [_thread_blocked, id=1160, stack(0x000000001aa40000,0x000000001ab40000)]
  0x0000000019959800 JavaThread "Incoming local TCP Connector on port 5935" [_thread_in_native, id=11876, stack(0x000000001a7e0000,0x000000001a8e0000)]
  0x0000000016b54800 JavaThread "Service Thread" daemon [_thread_blocked, id=10608, stack(0x00000000188d0000,0x00000000189d0000)]
=>0x0000000016ba8000 JavaThread "C1 CompilerThread2" daemon [_thread_in_native, id=10708, stack(0x00000000183d0000,0x00000000184d0000)]
  0x0000000016b4c000 JavaThread "C2 CompilerThread1" daemon [_thread_in_native, id=728, stack(0x00000000182d0000,0x00000000183d0000)]
  0x0000000016b58800 JavaThread "C2 CompilerThread0" daemon [_thread_in_native, id=7044, stack(0x00000000181d0000,0x00000000182d0000)]
  0x0000000016b57000 JavaThread "Attach Listener" daemon [_thread_blocked, id=9532, stack(0x00000000180d0000,0x00000000181d0000)]
  0x0000000016b56000 JavaThread "Signal Dispatcher" daemon [_thread_blocked, id=14112, stack(0x0000000017fd0000,0x00000000180d0000)]
  0x0000000016b38800 JavaThread "Finalizer" daemon [_thread_blocked, id=3128, stack(0x0000000017db0000,0x0000000017eb0000)]
  0x00000000031d3000 JavaThread "Reference Handler" daemon [_thread_blocked, id=13772, stack(0x0000000017cb0000,0x0000000017db0000)]
  0x00000000030e2800 JavaThread "main" [_thread_blocked, id=8004, stack(0x0000000002fe0000,0x00000000030e0000)]

Other Threads:
  0x0000000016b15800 VMThread [stack: 0x0000000017bb0000,0x0000000017cb0000] [id=12228]
  0x0000000016bab800 WatcherThread [stack: 0x00000000189d0000,0x0000000018ad0000] [id=15200]

VM state:not at safepoint (normal execution)

VM Mutex/Monitor currently owned by a thread: None

Heap:
 PSYoungGen      total 86016K, used 20919K [0x00000000e0000000, 0x00000000e6100000, 0x0000000100000000)
  eden space 79872K, 18% used [0x00000000e0000000,0x00000000e0ebd978,0x00000000e4e00000)
  from space 6144K, 94% used [0x00000000e5b00000,0x00000000e60b02a8,0x00000000e6100000)
  to   space 7168K, 0% used [0x00000000e5300000,0x00000000e5300000,0x00000000e5a00000)
 ParOldGen       total 32768K, used 16510K [0x00000000a0000000, 0x00000000a2000000, 0x00000000e0000000)
  object space 32768K, 50% used [0x00000000a0000000,0x00000000a101faf8,0x00000000a2000000)
 Metaspace       used 39128K, capacity 39994K, committed 40320K, reserved 1083392K
  class space    used 5356K, capacity 5636K, committed 5760K, reserved 1048576K

Card table byte_map: [0x00000000125a0000,0x00000000128b0000] byte_map_base: 0x00000000120a0000

Marking Bits: (ParMarkBitMap*) 0x0000000071f74970
 Begin Bits: [0x0000000012eb0000, 0x00000000146b0000)
 End Bits:   [0x00000000146b0000, 0x0000000015eb0000)

Polling page: 0x0000000001210000

CodeCache: size=245760Kb used=12223Kb max_used=12223Kb free=233537Kb
 bounds [0x00000000031e0000, 0x0000000003de0000, 0x00000000121e0000]
 total_blobs=4307 nmethods=3597 adapters=622
 compilation: enabled

Compilation events (10 events):
Event: 12.104 Thread 0x0000000016ba8000 nmethod 3976 0x0000000003dbc150 code [0x0000000003dbc2c0, 0x0000000003dbc448]
Event: 12.113 Thread 0x0000000016ba8000 3977       2       sun.misc.URLClassPath$JarLoader$2::getInputStream (15 bytes)
Event: 12.114 Thread 0x0000000016ba8000 nmethod 3977 0x0000000003dd6bd0 code [0x0000000003dd6d40, 0x0000000003dd6ec8]
Event: 12.126 Thread 0x0000000016ba8000 3978       2       java.util.LinkedHashMap::get (33 bytes)
Event: 12.126 Thread 0x0000000016ba8000 nmethod 3978 0x0000000003dd6fd0 code [0x0000000003dd7160, 0x0000000003dd7388]
Event: 12.142 Thread 0x0000000016ba8000 3979  s    2       java.util.jar.JarFile::getInputStream (89 bytes)
Event: 12.143 Thread 0x0000000016ba8000 nmethod 3979 0x0000000003dd7490 code [0x0000000003dd7660, 0x0000000003dd7c58]
Event: 12.168 Thread 0x0000000016ba8000 3980       2       org.gradle.api.internal.AsmBackedClassGenerator$ClassBuilderImpl::addGetter (50 bytes)
Event: 12.169 Thread 0x0000000016ba8000 nmethod 3980 0x0000000003dd7f10 code [0x0000000003dd80a0, 0x0000000003dd8358]
Event: 12.169 Thread 0x0000000016ba8000 3981   !   2       org.gradle.api.internal.AbstractClassGenerator::generateUnderLock (1123 bytes)

GC Heap History (10 events):
Event: 8.371 GC heap before
{Heap before GC invocations=12 (full 1):
 PSYoungGen      total 51200K, used 48862K [0x00000000e0000000, 0x00000000e3900000, 0x0000000100000000)
  eden space 44032K, 100% used [0x00000000e0000000,0x00000000e2b00000,0x00000000e2b00000)
  from space 7168K, 67% used [0x00000000e3200000,0x00000000e36b78b0,0x00000000e3900000)
  to   space 7168K, 0% used [0x00000000e2b00000,0x00000000e2b00000,0x00000000e3200000)
 ParOldGen       total 32768K, used 7909K [0x00000000a0000000, 0x00000000a2000000, 0x00000000e0000000)
  object space 32768K, 24% used [0x00000000a0000000,0x00000000a07b94e0,0x00000000a2000000)
 Metaspace       used 29124K, capacity 29836K, committed 29952K, reserved 1075200K
  class space    used 4082K, capacity 4314K, committed 4352K, reserved 1048576K
Event: 8.391 GC heap after
Heap after GC invocations=12 (full 1):
 PSYoungGen      total 51200K, used 5167K [0x00000000e0000000, 0x00000000e4a00000, 0x0000000100000000)
  eden space 44032K, 0% used [0x00000000e0000000,0x00000000e0000000,0x00000000e2b00000)
  from space 7168K, 72% used [0x00000000e2b00000,0x00000000e300bcc0,0x00000000e3200000)
  to   space 7168K, 0% used [0x00000000e4300000,0x00000000e4300000,0x00000000e4a00000)
 ParOldGen       total 32768K, used 10582K [0x00000000a0000000, 0x00000000a2000000, 0x00000000e0000000)
  object space 32768K, 32% used [0x00000000a0000000,0x00000000a0a55860,0x00000000a2000000)
 Metaspace       used 29124K, capacity 29836K, committed 29952K, reserved 1075200K
  class space    used 4082K, capacity 4314K, committed 4352K, reserved 1048576K
}
Event: 10.370 GC heap before
{Heap before GC invocations=13 (full 1):
 PSYoungGen      total 51200K, used 49199K [0x00000000e0000000, 0x00000000e4a00000, 0x0000000100000000)
  eden space 44032K, 100% used [0x00000000e0000000,0x00000000e2b00000,0x00000000e2b00000)
  from space 7168K, 72% used [0x00000000e2b00000,0x00000000e300bcc0,0x00000000e3200000)
  to   space 7168K, 0% used [0x00000000e4300000,0x00000000e4300000,0x00000000e4a00000)
 ParOldGen       total 32768K, used 10582K [0x00000000a0000000, 0x00000000a2000000, 0x00000000e0000000)
  object space 32768K, 32% used [0x00000000a0000000,0x00000000a0a55860,0x00000000a2000000)
 Metaspace       used 31421K, capacity 32192K, committed 32384K, reserved 1077248K
  class space    used 4417K, capacity 4632K, committed 4736K, reserved 1048576K
Event: 10.388 GC heap after
Heap after GC invocations=13 (full 1):
 PSYoungGen      total 66560K, used 4492K [0x00000000e0000000, 0x00000000e4880000, 0x0000000100000000)
  eden space 60928K, 0% used [0x00000000e0000000,0x00000000e0000000,0x00000000e3b80000)
  from space 5632K, 79% used [0x00000000e4300000,0x00000000e47633d0,0x00000000e4880000)
  to   space 6656K, 0% used [0x00000000e3b80000,0x00000000e3b80000,0x00000000e4200000)
 ParOldGen       total 32768K, used 13342K [0x00000000a0000000, 0x00000000a2000000, 0x00000000e0000000)
  object space 32768K, 40% used [0x00000000a0000000,0x00000000a0d07880,0x00000000a2000000)
 Metaspace       used 31421K, capacity 32192K, committed 32384K, reserved 1077248K
  class space    used 4417K, capacity 4632K, committed 4736K, reserved 1048576K
}
Event: 10.759 GC heap before
{Heap before GC invocations=14 (full 1):
 PSYoungGen      total 66560K, used 18251K [0x00000000e0000000, 0x00000000e4880000, 0x0000000100000000)
  eden space 60928K, 22% used [0x00000000e0000000,0x00000000e0d6fab0,0x00000000e3b80000)
  from space 5632K, 79% used [0x00000000e4300000,0x00000000e47633d0,0x00000000e4880000)
  to   space 6656K, 0% used [0x00000000e3b80000,0x00000000e3b80000,0x00000000e4200000)
 ParOldGen       total 32768K, used 13342K [0x00000000a0000000, 0x00000000a2000000, 0x00000000e0000000)
  object space 32768K, 40% used [0x00000000a0000000,0x00000000a0d07880,0x00000000a2000000)
 Metaspace       used 34482K, capacity 35278K, committed 35416K, reserved 1079296K
  class space    used 4831K, capacity 5068K, committed 5120K, reserved 1048576K
Event: 10.772 GC heap after
Heap after GC invocations=14 (full 1):
 PSYoungGen      total 67584K, used 2153K [0x00000000e0000000, 0x00000000e6200000, 0x0000000100000000)
  eden space 60928K, 0% used [0x00000000e0000000,0x00000000e0000000,0x00000000e3b80000)
  from space 6656K, 32% used [0x00000000e3b80000,0x00000000e3d9a5c0,0x00000000e4200000)
  to   space 7168K, 0% used [0x00000000e5b00000,0x00000000e5b00000,0x00000000e6200000)
 ParOldGen       total 32768K, used 15822K [0x00000000a0000000, 0x00000000a2000000, 0x00000000e0000000)
  object space 32768K, 48% used [0x00000000a0000000,0x00000000a0f73910,0x00000000a2000000)
 Metaspace       used 34482K, capacity 35278K, committed 35416K, reserved 1079296K
  class space    used 4831K, capacity 5068K, committed 5120K, reserved 1048576K
}
Event: 10.772 GC heap before
{Heap before GC invocations=15 (full 2):
 PSYoungGen      total 67584K, used 2153K [0x00000000e0000000, 0x00000000e6200000, 0x0000000100000000)
  eden space 60928K, 0% used [0x00000000e0000000,0x00000000e0000000,0x00000000e3b80000)
  from space 6656K, 32% used [0x00000000e3b80000,0x00000000e3d9a5c0,0x00000000e4200000)
  to   space 7168K, 0% used [0x00000000e5b00000,0x00000000e5b00000,0x00000000e6200000)
 ParOldGen       total 32768K, used 15822K [0x00000000a0000000, 0x00000000a2000000, 0x00000000e0000000)
  object space 32768K, 48% used [0x00000000a0000000,0x00000000a0f73910,0x00000000a2000000)
 Metaspace       used 34482K, capacity 35278K, committed 35416K, reserved 1079296K
  class space    used 4831K, capacity 5068K, committed 5120K, reserved 1048576K
Event: 10.909 GC heap after
Heap after GC invocations=15 (full 2):
 PSYoungGen      total 67584K, used 0K [0x00000000e0000000, 0x00000000e6200000, 0x0000000100000000)
  eden space 60928K, 0% used [0x00000000e0000000,0x00000000e0000000,0x00000000e3b80000)
  from space 6656K, 0% used [0x00000000e3b80000,0x00000000e3b80000,0x00000000e4200000)
  to   space 7168K, 0% used [0x00000000e5b00000,0x00000000e5b00000,0x00000000e6200000)
 ParOldGen       total 32768K, used 16502K [0x00000000a0000000, 0x00000000a2000000, 0x00000000e0000000)
  object space 32768K, 50% used [0x00000000a0000000,0x00000000a101daf8,0x00000000a2000000)
 Metaspace       used 34482K, capacity 35278K, committed 35416K, reserved 1079296K
  class space    used 4831K, capacity 5068K, committed 5120K, reserved 1048576K
}
Event: 11.965 GC heap before
{Heap before GC invocations=16 (full 2):
 PSYoungGen      total 67584K, used 60928K [0x00000000e0000000, 0x00000000e6200000, 0x0000000100000000)
  eden space 60928K, 100% used [0x00000000e0000000,0x00000000e3b80000,0x00000000e3b80000)
  from space 6656K, 0% used [0x00000000e3b80000,0x00000000e3b80000,0x00000000e4200000)
  to   space 7168K, 0% used [0x00000000e5b00000,0x00000000e5b00000,0x00000000e6200000)
 ParOldGen       total 32768K, used 16502K [0x00000000a0000000, 0x00000000a2000000, 0x00000000e0000000)
  object space 32768K, 50% used [0x00000000a0000000,0x00000000a101daf8,0x00000000a2000000)
 Metaspace       used 38708K, capacity 39508K, committed 39680K, reserved 1083392K
  class space    used 5303K, capacity 5603K, committed 5632K, reserved 1048576K
Event: 11.980 GC heap after
Heap after GC invocations=16 (full 2):
 PSYoungGen      total 86016K, used 5824K [0x00000000e0000000, 0x00000000e6100000, 0x0000000100000000)
  eden space 79872K, 0% used [0x00000000e0000000,0x00000000e0000000,0x00000000e4e00000)
  from space 6144K, 94% used [0x00000000e5b00000,0x00000000e60b02a8,0x00000000e6100000)
  to   space 7168K, 0% used [0x00000000e5300000,0x00000000e5300000,0x00000000e5a00000)
 ParOldGen       total 32768K, used 16510K [0x00000000a0000000, 0x00000000a2000000, 0x00000000e0000000)
  object space 32768K, 50% used [0x00000000a0000000,0x00000000a101faf8,0x00000000a2000000)
 Metaspace       used 38708K, capacity 39508K, committed 39680K, reserved 1083392K
  class space    used 5303K, capacity 5603K, committed 5632K, reserved 1048576K
}

Deoptimization events (10 events):
Event: 11.351 Thread 0x0000000019bd9000 Uncommon trap: reason=unstable_if action=reinterpret pc=0x0000000003631340 method=java.util.HashMap.resize()[Ljava/util/HashMap$Node; @ 206
Event: 11.516 Thread 0x0000000019bd9000 Uncommon trap: reason=unstable_if action=reinterpret pc=0x0000000003cb97d4 method=java.lang.reflect.Modifier.toString(I)Ljava/lang/String; @ 123
Event: 11.516 Thread 0x0000000019bd9000 Uncommon trap: reason=unstable_if action=reinterpret pc=0x0000000003cb1b2c method=java.lang.reflect.Modifier.toString(I)Ljava/lang/String; @ 123
Event: 11.847 Thread 0x0000000019bd9000 Uncommon trap: reason=unstable_if action=reinterpret pc=0x00000000036482bc method=java.lang.CharacterDataLatin1.isWhitespace(I)Z @ 14
Event: 11.953 Thread 0x0000000019bd9000 Uncommon trap: reason=unstable_if action=reinterpret pc=0x0000000003984cb0 method=java.util.jar.JarFile.getInputStream(Ljava/util/zip/ZipEntry;)Ljava/io/InputStream; @ 37
Event: 11.955 Thread 0x0000000019bd9000 Uncommon trap: reason=unstable_if action=reinterpret pc=0x0000000003949348 method=java.util.jar.JarFile$JarFileEntry.getCodeSigners()[Ljava/security/CodeSigner; @ 24
Event: 11.958 Thread 0x0000000019bd9000 Uncommon trap: reason=unstable_if action=reinterpret pc=0x0000000003a19e2c method=java.security.CodeSource.getCertificates()[Ljava/security/cert/Certificate; @ 22
Event: 11.958 Thread 0x0000000019bd9000 Uncommon trap: reason=unstable_if action=reinterpret pc=0x000000000398e670 method=java.util.jar.JarFile.getInputStream(Ljava/util/zip/ZipEntry;)Ljava/io/InputStream; @ 21
Event: 11.959 Thread 0x0000000019bd9000 Uncommon trap: reason=unstable_if action=reinterpret pc=0x0000000003952cbc method=java.security.CodeSource.matchCerts(Ljava/security/CodeSource;Z)Z @ 11
Event: 12.010 Thread 0x0000000019bd9000 Uncommon trap: reason=unstable_if action=reinterpret pc=0x0000000003c6803c method=java.util.LinkedHashMap.get(Ljava/lang/Object;)Ljava/lang/Object; @ 20

Classes redefined (0 events):
No events

Internal exceptions (10 events):
Event: 10.150 Thread 0x0000000019bd9000 Exception <a 'java/lang/ClassNotFoundException': org/gradle/api/DefaultTaskBeanInfo> (0x00000000e2431e90) thrown at [D:\src\AOSP-openjdk-cygwin\jdk8u\hotspot\src\share\vm\classfile\systemDictionary.cpp, line 210]
Event: 10.151 Thread 0x0000000019bd9000 Exception <a 'java/lang/ClassNotFoundException': org/gradle/api/internal/AbstractTaskBeanInfo> (0x00000000e245b078) thrown at [D:\src\AOSP-openjdk-cygwin\jdk8u\hotspot\src\share\vm\classfile\systemDictionary.cpp, line 210]
Event: 10.153 Thread 0x0000000019bd9000 Exception <a 'java/lang/ClassNotFoundException': org/gradle/api/internal/AbstractTaskCustomizer> (0x00000000e2484de0) thrown at [D:\src\AOSP-openjdk-cygwin\jdk8u\hotspot\src\share\vm\classfile\systemDictionary.cpp, line 210]
Event: 10.166 Thread 0x0000000019bd9000 Exception <a 'java/lang/ClassNotFoundException': org/gradle/api/DefaultTaskCustomizer> (0x00000000e250caf8) thrown at [D:\src\AOSP-openjdk-cygwin\jdk8u\hotspot\src\share\vm\classfile\systemDictionary.cpp, line 210]
Event: 10.169 Thread 0x0000000019bd9000 Exception <a 'java/lang/ClassNotFoundException': org/gradle/api/internal/ConventionTaskCustomizer> (0x00000000e2546270) thrown at [D:\src\AOSP-openjdk-cygwin\jdk8u\hotspot\src\share\vm\classfile\systemDictionary.cpp, line 210]
Event: 10.172 Thread 0x0000000019bd9000 Exception <a 'java/lang/ClassNotFoundException': org/gradle/api/tasks/DeleteCustomizer> (0x00000000e257d990) thrown at [D:\src\AOSP-openjdk-cygwin\jdk8u\hotspot\src\share\vm\classfile\systemDictionary.cpp, line 210]
Event: 10.176 Thread 0x0000000019bd9000 Exception <a 'java/lang/ClassNotFoundException': org/gradle/api/tasks/Delete_DecoratedCustomizer> (0x00000000e25c2ca8) thrown at [D:\src\AOSP-openjdk-cygwin\jdk8u\hotspot\src\share\vm\classfile\systemDictionary.cpp, line 210]
Event: 10.227 Thread 0x0000000019bd9000 Exception <a 'java/lang/ClassNotFoundException': build_cl2y2z0u568b8jrr5ucw337mhBeanInfo> (0x00000000e26f38b8) thrown at [D:\src\AOSP-openjdk-cygwin\jdk8u\hotspot\src\share\vm\classfile\systemDictionary.cpp, line 210]
Event: 10.227 Thread 0x0000000019bd9000 Exception <a 'java/lang/ClassNotFoundException': build_cl2y2z0u568b8jrr5ucw337mhCustomizer> (0x00000000e26fdd80) thrown at [D:\src\AOSP-openjdk-cygwin\jdk8u\hotspot\src\share\vm\classfile\systemDictionary.cpp, line 210]
Event: 10.721 Thread 0x0000000019bd9000 Exception <a 'sun/nio/fs/WindowsException'> (0x00000000e0b63d88) thrown at [D:\src\AOSP-openjdk-cygwin\jdk8u\hotspot\src\share\vm\prims\jni.cpp, line 709]

Events (10 events):
Event: 12.167 loading class com/android/build/gradle/internal/dsl/ExternalNativeNdkBuildOptions
Event: 12.167 loading class com/android/build/gradle/internal/dsl/ExternalNativeNdkBuildOptions done
Event: 12.174 loading class com/google/common/collect/Sets
Event: 12.174 loading class com/google/common/collect/Sets done
Event: 12.175 loading class com/google/common/collect/Sets$SetView
Event: 12.175 loading class com/google/common/collect/Sets$SetView done
Event: 12.177 loading class com/google/common/collect/Sets$1
Event: 12.177 loading class com/google/common/collect/Sets$1 done
Event: 12.178 loading class com/google/common/collect/Sets$2
Event: 12.178 loading class com/google/common/collect/Sets$2 done


Dynamic libraries:
0x00007ff7b4f70000 - 0x00007ff7b4fa1000 	C:\Program Files\Android\Android Studio\jre\bin\java.exe
0x00007ffc34c00000 - 0x00007ffc34de1000 	C:\WINDOWS\SYSTEM32\ntdll.dll
0x00007ffc33c90000 - 0x00007ffc33d41000 	C:\WINDOWS\System32\KERNEL32.DLL
0x00007ffc31030000 - 0x00007ffc312a3000 	C:\WINDOWS\System32\KERNELBASE.dll
0x00007ffc34b20000 - 0x00007ffc34bc1000 	C:\WINDOWS\System32\ADVAPI32.dll
0x00007ffc33e20000 - 0x00007ffc33ebe000 	C:\WINDOWS\System32\msvcrt.dll
0x00007ffc33d50000 - 0x00007ffc33dab000 	C:\WINDOWS\System32\sechost.dll
0x00007ffc33b60000 - 0x00007ffc33c84000 	C:\WINDOWS\System32\RPCRT4.dll
0x00007ffc33ee0000 - 0x00007ffc34070000 	C:\WINDOWS\System32\USER32.dll
0x00007ffc31e80000 - 0x00007ffc31ea0000 	C:\WINDOWS\System32\win32u.dll
0x00007ffc34280000 - 0x00007ffc342a8000 	C:\WINDOWS\System32\GDI32.dll
0x00007ffc31ce0000 - 0x00007ffc31e72000 	C:\WINDOWS\System32\gdi32full.dll
0x00007ffc31ff0000 - 0x00007ffc3208f000 	C:\WINDOWS\System32\msvcp_win.dll
0x00007ffc31ef0000 - 0x00007ffc31fe8000 	C:\WINDOWS\System32\ucrtbase.dll
0x00007ffc25d30000 - 0x00007ffc25f99000 	C:\WINDOWS\WinSxS\amd64_microsoft.windows.common-controls_6595b64144ccf1df_6.0.17134.706_none_fb43a2cb30647007\COMCTL32.dll
0x00007ffc32150000 - 0x00007ffc32472000 	C:\WINDOWS\System32\combase.dll
0x00007ffc312b0000 - 0x00007ffc3132a000 	C:\WINDOWS\System32\bcryptPrimitives.dll
0x00007ffc33ad0000 - 0x00007ffc33afd000 	C:\WINDOWS\System32\IMM32.DLL
0x00000000726d0000 - 0x00000000727a2000 	C:\Program Files\Android\Android Studio\jre\jre\bin\msvcr100.dll
0x00000000717b0000 - 0x0000000071fef000 	C:\Program Files\Android\Android Studio\jre\jre\bin\server\jvm.dll
0x00007ffc348a0000 - 0x00007ffc348a8000 	C:\WINDOWS\System32\PSAPI.DLL
0x00007ffc29220000 - 0x00007ffc29229000 	C:\WINDOWS\SYSTEM32\WSOCK32.dll
0x00007ffc2dae0000 - 0x00007ffc2db03000 	C:\WINDOWS\SYSTEM32\WINMM.dll
0x00007ffc33db0000 - 0x00007ffc33e1c000 	C:\WINDOWS\System32\WS2_32.dll
0x00007ffc249e0000 - 0x00007ffc249ea000 	C:\WINDOWS\SYSTEM32\VERSION.dll
0x00007ffc2dab0000 - 0x00007ffc2dada000 	C:\WINDOWS\SYSTEM32\WINMMBASE.dll
0x00007ffc31ea0000 - 0x00007ffc31ee9000 	C:\WINDOWS\System32\cfgmgr32.dll
0x00007ffc25740000 - 0x00007ffc2574f000 	C:\Program Files\Android\Android Studio\jre\jre\bin\verify.dll
0x00007ffc11410000 - 0x00007ffc11439000 	C:\Program Files\Android\Android Studio\jre\jre\bin\java.dll
0x00007ffc223b0000 - 0x00007ffc223c6000 	C:\Program Files\Android\Android Studio\jre\jre\bin\zip.dll
0x00007ffc32690000 - 0x00007ffc33ad0000 	C:\WINDOWS\System32\SHELL32.dll
0x00007ffc343a0000 - 0x00007ffc34449000 	C:\WINDOWS\System32\shcore.dll
0x00007ffc315d0000 - 0x00007ffc31cdd000 	C:\WINDOWS\System32\windows.storage.dll
0x00007ffc320f0000 - 0x00007ffc32141000 	C:\WINDOWS\System32\shlwapi.dll
0x00007ffc30f60000 - 0x00007ffc30f71000 	C:\WINDOWS\System32\kernel.appcore.dll
0x00007ffc30f20000 - 0x00007ffc30f3f000 	C:\WINDOWS\System32\profapi.dll
0x00007ffc30f80000 - 0x00007ffc30fcc000 	C:\WINDOWS\System32\powrprof.dll
0x00007ffc30f10000 - 0x00007ffc30f1a000 	C:\WINDOWS\System32\FLTLIB.DLL
0x00007ffc113d0000 - 0x00007ffc113ea000 	C:\Program Files\Android\Android Studio\jre\jre\bin\net.dll
0x00007ffc30730000 - 0x00007ffc30796000 	C:\WINDOWS\system32\mswsock.dll
0x00007ffc0ef10000 - 0x00007ffc0ef21000 	C:\Program Files\Android\Android Studio\jre\jre\bin\nio.dll
0x00007ffc22310000 - 0x00007ffc2232e000 	C:\Users\jean2\.gradle\native\25\windows-amd64\native-platform.dll
0x00007ffc24780000 - 0x00007ffc2478d000 	C:\Program Files\Android\Android Studio\jre\jre\bin\management.dll
0x00007ffc308e0000 - 0x00007ffc308f7000 	C:\WINDOWS\SYSTEM32\CRYPTSP.dll
0x00007ffc30310000 - 0x00007ffc30343000 	C:\WINDOWS\system32\rsaenh.dll
0x00007ffc30a10000 - 0x00007ffc30a35000 	C:\WINDOWS\SYSTEM32\bcrypt.dll
0x00007ffc30e40000 - 0x00007ffc30e68000 	C:\WINDOWS\SYSTEM32\USERENV.dll
0x00007ffc30900000 - 0x00007ffc3090b000 	C:\WINDOWS\SYSTEM32\CRYPTBASE.dll
0x00007ffc304b0000 - 0x00007ffc304e8000 	C:\WINDOWS\SYSTEM32\IPHLPAPI.DLL
0x00007ffc32680000 - 0x00007ffc32688000 	C:\WINDOWS\System32\NSI.dll
0x00007ffc269d0000 - 0x00007ffc269e6000 	C:\WINDOWS\SYSTEM32\dhcpcsvc6.DLL
0x00007ffc292e0000 - 0x00007ffc292fa000 	C:\WINDOWS\SYSTEM32\dhcpcsvc.DLL

VM Arguments:
jvm_args: -Xmx1536m -Dfile.encoding=windows-1252 -Duser.country=ES -Duser.language=es -Duser.variant 
java_command: org.gradle.launcher.daemon.bootstrap.GradleDaemon 4.4
java_class_path (initial): C:\Users\jean2\.gradle\wrapper\dists\gradle-4.4-all\9br9xq1tocpiv8o6njlyu5op1\gradle-4.4\lib\gradle-launcher-4.4.jar
Launcher Type: SUN_STANDARD

Environment Variables:
PATH=C:\ProgramData\Oracle\Java\javapath;C:\WINDOWS\system32;C:\WINDOWS;C:\WINDOWS\System32\Wbem;C:\WINDOWS\System32\WindowsPowerShell\v1.0\;C:\Program Files\Microsoft SQL Server\120\Tools\Binn\;C:\Program Files\Microsoft SQL Server\130\Tools\Binn\;C:\Program Files (x86)\Microsoft SQL Server\130\Tools\Binn\;C:\Program Files (x86)\Microsoft SQL Server\130\DTS\Binn\;C:\Program Files\Microsoft SQL Server\130\DTS\Binn\;C:\Program Files\Microsoft SQL Server\Client SDK\ODBC\130\Tools\Binn\;C:\Program Files (x86)\Microsoft SQL Server\Client SDK\ODBC\130\Tools\Binn\;C:\Program Files (x86)\Microsoft SQL Server\140\Tools\Binn\;C:\Program Files (x86)\Microsoft SQL Server\140\DTS\Binn\;C:\Program Files (x86)\Microsoft SQL Server\140\Tools\Binn\ManagementStudio\;C:\Program Files (x86)\Windows Kits\8.1\Windows Performance Toolkit\;C:\Program Files\Microsoft SQL Server\110\Tools\Binn\;C:\WINDOWS\system32\config\systemprofile\.dnx\bin;C:\Program Files\Microsoft DNX\Dnvm\;C:\Program Files (x86)\Open;C:\Users\jean2\AppData\Local\Programs\Python\Python36\Lib\nmap;C:\Program Files\Microsoft\Web Platform Installer\;C:\Program Files\PuTTY\;C:\WINDOWS\System32\OpenSSH\;C:\Program Files\Git\cmd;C:\Program Files\Microsoft VS Code\bin;C:\Program Files\nodejs\;C:\xampp\php;C:\ProgramData\ComposerSetup\bin;C:\Program Files\Amazon\AWSCLI\;C:\WINDOWS\system32\config\systemprofile\AppData\Local\Programs\Python\Python37\Scripts;C:\WINDOWS\system32\config\systemprofile\AppData\Roaming\Python\Python37\Scripts;;C:\Program Files\OpenSSH\bin;C:\Users\jean2\AppData\Local\Programs\Python\Python37-32\Scripts\;C:\Users\jean2\AppData\Local\Programs\Python\Python37-32\;C:\Users\jean2\AppData\Local\Microsoft\WindowsApps;C:\Users\jean2\AppData\Local\Programs\Python\Python36;C:\Users\jean2\AppData\Local\Programs\Python\Python36\Lib\nmap;C:\Users\jean2\AppData\Local\Microsoft\WindowsApps;C:\flutter\bin;C:\Users\jean2\AppData\Roaming\npm;C:\Users\jean2\AppData\Roaming\Composer\vendor\bin
USERNAME=jean2
OS=Windows_NT
PROCESSOR_IDENTIFIER=Intel64 Family 6 Model 58 Stepping 9, GenuineIntel



---------------  S Y S T E M  ---------------

OS: Windows 10.0 , 64 bit Build 17134 (10.0.17134.706)

CPU:total 4 (initial active 4) (2 cores per cpu, 2 threads per core) family 6 model 58 stepping 9, cmov, cx8, fxsr, mmx, sse, sse2, sse3, ssse3, sse4.1, sse4.2, popcnt, avx, clmul, erms, ht, tsc, tscinvbit, tscinv

Memory: 4k page, physical 4080920k(511276k free), swap 6768144k(4140k free)

vm_info: OpenJDK 64-Bit Server VM (25.152-b02) for windows-amd64 JRE (1.8.0_152-release-1024-b02), built by "builder" with MS VC++ 10.0 (VS2010)

time: Thu May 09 14:57:16 2019
elapsed time: 12 seconds (0d 0h 0m 12s)

